nohup: ignoring input
/home1/users/qinhaolin/.local/lib/python3.7/site-packages/apex-0.1-py3.7-linux-x86_64.egg/apex/pyprof/__init__.py:5: FutureWarning: pyprof will be removed by the end of June, 2022
  warnings.warn("pyprof will be removed by the end of June, 2022", FutureWarning)
/home1/users/qinhaolin/.local/lib/python3.7/site-packages/apex-0.1-py3.7-linux-x86_64.egg/apex/pyprof/__init__.py:5: FutureWarning: pyprof will be removed by the end of June, 2022
  warnings.warn("pyprof will be removed by the end of June, 2022", FutureWarning)
| distributed init (rank 0): env://
| distributed init (rank 1): env://
Namespace(aa='rand-m9-mstd0.5-inc1', batch_size=256, clip_grad=None, color_jitter=0.4, config='configs/devit/devit_b0.py', cooldown_epochs=10, cutmix=1.0, cutmix_minmax=None, data_path='/data3/QHL/DATA/ImageNet2012/', data_set='IMNET', decay_epochs=30, decay_rate=0.1, device='cuda', dist_backend='nccl', dist_eval=False, dist_url='env://', distributed=True, drop=0.0, drop_path=0.1, epochs=2, eval=False, finetune='', fp32_resume=False, gpu=0, inat_category='name', input_size=224, lr=0.0005, lr_noise=None, lr_noise_pct=0.67, lr_noise_std=1.0, min_lr=1e-05, mixup=0.8, mixup_mode='batch', mixup_prob=1.0, mixup_switch_prob=0.5, model='devit_b0', momentum=0.9, num_workers=10, opt='adamw', opt_betas=None, opt_eps=1e-08, output_dir='checkpoints/devit_b0', patience_epochs=10, pin_mem=True, rank=0, recount=1, remode='pixel', repeated_aug=True, reprob=0.25, resplit=False, resume='', sched='cosine', seed=0, smoothing=0.1, start_epoch=0, train_interpolation='bicubic', use_mcloader=False, warmup_epochs=5, warmup_lr=1e-06, weight_decay=0.05, world_size=2)
/home1/users/qinhaolin/.conda/envs/mmseg/lib/python3.7/site-packages/torchvision/transforms/transforms.py:258: UserWarning: Argument interpolation should be of type InterpolationMode instead of int. Please, use InterpolationMode enum.
  "Argument interpolation should be of type InterpolationMode instead of int. "
/home1/users/qinhaolin/.conda/envs/mmseg/lib/python3.7/site-packages/torchvision/transforms/transforms.py:258: UserWarning: Argument interpolation should be of type InterpolationMode instead of int. Please, use InterpolationMode enum.
  "Argument interpolation should be of type InterpolationMode instead of int. "
Creating model: devit_b0
number of params: 3279304
Start training for 2 epochs
/home1/users/qinhaolin/.conda/envs/mmseg/lib/python3.7/site-packages/torchvision/transforms/functional.py:365: UserWarning: Argument interpolation should be of type InterpolationMode instead of int. Please, use InterpolationMode enum.
  "Argument interpolation should be of type InterpolationMode instead of int. "
/home1/users/qinhaolin/.conda/envs/mmseg/lib/python3.7/site-packages/torchvision/transforms/functional.py:365: UserWarning: Argument interpolation should be of type InterpolationMode instead of int. Please, use InterpolationMode enum.
  "Argument interpolation should be of type InterpolationMode instead of int. "
/home1/users/qinhaolin/.conda/envs/mmseg/lib/python3.7/site-packages/torchvision/transforms/functional.py:365: UserWarning: Argument interpolation should be of type InterpolationMode instead of int. Please, use InterpolationMode enum.
  "Argument interpolation should be of type InterpolationMode instead of int. "
/home1/users/qinhaolin/.conda/envs/mmseg/lib/python3.7/site-packages/torchvision/transforms/functional.py:365: UserWarning: Argument interpolation should be of type InterpolationMode instead of int. Please, use InterpolationMode enum.
  "Argument interpolation should be of type InterpolationMode instead of int. "
/home1/users/qinhaolin/.conda/envs/mmseg/lib/python3.7/site-packages/torchvision/transforms/functional.py:365: UserWarning: Argument interpolation should be of type InterpolationMode instead of int. Please, use InterpolationMode enum.
  "Argument interpolation should be of type InterpolationMode instead of int. "
/home1/users/qinhaolin/.conda/envs/mmseg/lib/python3.7/site-packages/torchvision/transforms/functional.py:365: UserWarning: Argument interpolation should be of type InterpolationMode instead of int. Please, use InterpolationMode enum.
  "Argument interpolation should be of type InterpolationMode instead of int. "
/home1/users/qinhaolin/.conda/envs/mmseg/lib/python3.7/site-packages/torchvision/transforms/functional.py:365: UserWarning: Argument interpolation should be of type InterpolationMode instead of int. Please, use InterpolationMode enum.
  "Argument interpolation should be of type InterpolationMode instead of int. "
/home1/users/qinhaolin/.conda/envs/mmseg/lib/python3.7/site-packages/torchvision/transforms/functional.py:365: UserWarning: Argument interpolation should be of type InterpolationMode instead of int. Please, use InterpolationMode enum.
  "Argument interpolation should be of type InterpolationMode instead of int. "
/home1/users/qinhaolin/.conda/envs/mmseg/lib/python3.7/site-packages/torchvision/transforms/functional.py:365: UserWarning: Argument interpolation should be of type InterpolationMode instead of int. Please, use InterpolationMode enum.
  "Argument interpolation should be of type InterpolationMode instead of int. "
/home1/users/qinhaolin/.conda/envs/mmseg/lib/python3.7/site-packages/torchvision/transforms/functional.py:365: UserWarning: Argument interpolation should be of type InterpolationMode instead of int. Please, use InterpolationMode enum.
  "Argument interpolation should be of type InterpolationMode instead of int. "
/home1/users/qinhaolin/.conda/envs/mmseg/lib/python3.7/site-packages/torchvision/transforms/functional.py:365: UserWarning: Argument interpolation should be of type InterpolationMode instead of int. Please, use InterpolationMode enum.
  "Argument interpolation should be of type InterpolationMode instead of int. "
/home1/users/qinhaolin/.conda/envs/mmseg/lib/python3.7/site-packages/torchvision/transforms/functional.py:365: UserWarning: Argument interpolation should be of type InterpolationMode instead of int. Please, use InterpolationMode enum.
  "Argument interpolation should be of type InterpolationMode instead of int. "
/home1/users/qinhaolin/.conda/envs/mmseg/lib/python3.7/site-packages/torchvision/transforms/functional.py:365: UserWarning: Argument interpolation should be of type InterpolationMode instead of int. Please, use InterpolationMode enum.
  "Argument interpolation should be of type InterpolationMode instead of int. "
/home1/users/qinhaolin/.conda/envs/mmseg/lib/python3.7/site-packages/torchvision/transforms/functional.py:365: UserWarning: Argument interpolation should be of type InterpolationMode instead of int. Please, use InterpolationMode enum.
  "Argument interpolation should be of type InterpolationMode instead of int. "
/home1/users/qinhaolin/.conda/envs/mmseg/lib/python3.7/site-packages/torchvision/transforms/functional.py:365: UserWarning: Argument interpolation should be of type InterpolationMode instead of int. Please, use InterpolationMode enum.
  "Argument interpolation should be of type InterpolationMode instead of int. "
/home1/users/qinhaolin/.conda/envs/mmseg/lib/python3.7/site-packages/torchvision/transforms/functional.py:365: UserWarning: Argument interpolation should be of type InterpolationMode instead of int. Please, use InterpolationMode enum.
  "Argument interpolation should be of type InterpolationMode instead of int. "
/home1/users/qinhaolin/.conda/envs/mmseg/lib/python3.7/site-packages/torchvision/transforms/functional.py:365: UserWarning: Argument interpolation should be of type InterpolationMode instead of int. Please, use InterpolationMode enum.
  "Argument interpolation should be of type InterpolationMode instead of int. "
/home1/users/qinhaolin/.conda/envs/mmseg/lib/python3.7/site-packages/torchvision/transforms/functional.py:365: UserWarning: Argument interpolation should be of type InterpolationMode instead of int. Please, use InterpolationMode enum.
  "Argument interpolation should be of type InterpolationMode instead of int. "
/home1/users/qinhaolin/.conda/envs/mmseg/lib/python3.7/site-packages/torchvision/transforms/functional.py:365: UserWarning: Argument interpolation should be of type InterpolationMode instead of int. Please, use InterpolationMode enum.
  "Argument interpolation should be of type InterpolationMode instead of int. "
/home1/users/qinhaolin/.conda/envs/mmseg/lib/python3.7/site-packages/torchvision/transforms/functional.py:365: UserWarning: Argument interpolation should be of type InterpolationMode instead of int. Please, use InterpolationMode enum.
  "Argument interpolation should be of type InterpolationMode instead of int. "
Epoch: [0]  [   0/2502]  eta: 5:11:41  lr: 0.000001  loss: 6.9242 (6.9242)  time: 7.4745  data: 4.4199  max mem: 11522
Epoch: [0]  [  10/2502]  eta: 0:50:12  lr: 0.000001  loss: 6.9265 (6.9270)  time: 1.2087  data: 0.4021  max mem: 11557
Epoch: [0]  [  20/2502]  eta: 0:37:53  lr: 0.000001  loss: 6.9208 (6.9236)  time: 0.5883  data: 0.0003  max mem: 11557
Epoch: [0]  [  30/2502]  eta: 0:33:34  lr: 0.000001  loss: 6.9176 (6.9226)  time: 0.5982  data: 0.0003  max mem: 11557
Epoch: [0]  [  40/2502]  eta: 0:31:06  lr: 0.000001  loss: 6.9143 (6.9199)  time: 0.5925  data: 0.0003  max mem: 11557
Epoch: [0]  [  50/2502]  eta: 0:29:35  lr: 0.000001  loss: 6.9143 (6.9197)  time: 0.5830  data: 0.0003  max mem: 11557
Epoch: [0]  [  60/2502]  eta: 0:28:31  lr: 0.000001  loss: 6.9158 (6.9187)  time: 0.5831  data: 0.0003  max mem: 11557
Epoch: [0]  [  70/2502]  eta: 0:27:44  lr: 0.000001  loss: 6.9171 (6.9188)  time: 0.5842  data: 0.0003  max mem: 11557
Epoch: [0]  [  80/2502]  eta: 0:27:07  lr: 0.000001  loss: 6.9171 (6.9186)  time: 0.5844  data: 0.0003  max mem: 11557
Epoch: [0]  [  90/2502]  eta: 0:26:39  lr: 0.000001  loss: 6.9181 (6.9189)  time: 0.5872  data: 0.0003  max mem: 11557
Epoch: [0]  [ 100/2502]  eta: 0:26:16  lr: 0.000001  loss: 6.9178 (6.9186)  time: 0.5928  data: 0.0003  max mem: 11557
Epoch: [0]  [ 110/2502]  eta: 0:25:54  lr: 0.000001  loss: 6.9155 (6.9187)  time: 0.5899  data: 0.0003  max mem: 11557
Epoch: [0]  [ 120/2502]  eta: 0:25:36  lr: 0.000001  loss: 6.9205 (6.9190)  time: 0.5865  data: 0.0003  max mem: 11557
Epoch: [0]  [ 130/2502]  eta: 0:25:19  lr: 0.000001  loss: 6.9195 (6.9188)  time: 0.5875  data: 0.0003  max mem: 11557
Epoch: [0]  [ 140/2502]  eta: 0:25:03  lr: 0.000001  loss: 6.9138 (6.9185)  time: 0.5865  data: 0.0003  max mem: 11557
Epoch: [0]  [ 150/2502]  eta: 0:24:49  lr: 0.000001  loss: 6.9170 (6.9184)  time: 0.5870  data: 0.0003  max mem: 11557
Epoch: [0]  [ 160/2502]  eta: 0:24:36  lr: 0.000001  loss: 6.9197 (6.9186)  time: 0.5886  data: 0.0003  max mem: 11557
Epoch: [0]  [ 170/2502]  eta: 0:24:24  lr: 0.000001  loss: 6.9213 (6.9185)  time: 0.5875  data: 0.0003  max mem: 11557
Epoch: [0]  [ 180/2502]  eta: 0:24:12  lr: 0.000001  loss: 6.9198 (6.9187)  time: 0.5859  data: 0.0003  max mem: 11557
Epoch: [0]  [ 190/2502]  eta: 0:24:01  lr: 0.000001  loss: 6.9188 (6.9187)  time: 0.5855  data: 0.0003  max mem: 11557
Epoch: [0]  [ 200/2502]  eta: 0:23:51  lr: 0.000001  loss: 6.9191 (6.9189)  time: 0.5861  data: 0.0003  max mem: 11557
Epoch: [0]  [ 210/2502]  eta: 0:23:41  lr: 0.000001  loss: 6.9193 (6.9188)  time: 0.5898  data: 0.0003  max mem: 11557
Epoch: [0]  [ 220/2502]  eta: 0:23:32  lr: 0.000001  loss: 6.9188 (6.9188)  time: 0.5896  data: 0.0003  max mem: 11557
Epoch: [0]  [ 230/2502]  eta: 0:23:23  lr: 0.000001  loss: 6.9179 (6.9188)  time: 0.5882  data: 0.0003  max mem: 11557
Epoch: [0]  [ 240/2502]  eta: 0:23:14  lr: 0.000001  loss: 6.9190 (6.9189)  time: 0.5891  data: 0.0003  max mem: 11557
Epoch: [0]  [ 250/2502]  eta: 0:23:05  lr: 0.000001  loss: 6.9190 (6.9188)  time: 0.5874  data: 0.0003  max mem: 11557
Epoch: [0]  [ 260/2502]  eta: 0:22:56  lr: 0.000001  loss: 6.9169 (6.9189)  time: 0.5875  data: 0.0003  max mem: 11557
Epoch: [0]  [ 270/2502]  eta: 0:22:48  lr: 0.000001  loss: 6.9214 (6.9190)  time: 0.5874  data: 0.0003  max mem: 11557
Epoch: [0]  [ 280/2502]  eta: 0:22:40  lr: 0.000001  loss: 6.9139 (6.9187)  time: 0.5898  data: 0.0003  max mem: 11557
Epoch: [0]  [ 290/2502]  eta: 0:22:35  lr: 0.000001  loss: 6.9125 (6.9186)  time: 0.6061  data: 0.0003  max mem: 11557
Epoch: [0]  [ 300/2502]  eta: 0:22:27  lr: 0.000001  loss: 6.9141 (6.9186)  time: 0.6033  data: 0.0003  max mem: 11557
Epoch: [0]  [ 310/2502]  eta: 0:22:19  lr: 0.000001  loss: 6.9137 (6.9184)  time: 0.5879  data: 0.0003  max mem: 11557
Epoch: [0]  [ 320/2502]  eta: 0:22:11  lr: 0.000001  loss: 6.9166 (6.9185)  time: 0.5897  data: 0.0003  max mem: 11557
Epoch: [0]  [ 330/2502]  eta: 0:22:04  lr: 0.000001  loss: 6.9163 (6.9184)  time: 0.5894  data: 0.0003  max mem: 11557
Epoch: [0]  [ 340/2502]  eta: 0:21:56  lr: 0.000001  loss: 6.9134 (6.9183)  time: 0.5876  data: 0.0003  max mem: 11557
Epoch: [0]  [ 350/2502]  eta: 0:21:49  lr: 0.000001  loss: 6.9172 (6.9183)  time: 0.5887  data: 0.0003  max mem: 11557
Epoch: [0]  [ 360/2502]  eta: 0:21:42  lr: 0.000001  loss: 6.9173 (6.9183)  time: 0.5889  data: 0.0003  max mem: 11557
Epoch: [0]  [ 370/2502]  eta: 0:21:35  lr: 0.000001  loss: 6.9173 (6.9183)  time: 0.5887  data: 0.0003  max mem: 11557
Epoch: [0]  [ 380/2502]  eta: 0:21:27  lr: 0.000001  loss: 6.9166 (6.9182)  time: 0.5881  data: 0.0003  max mem: 11557
Epoch: [0]  [ 390/2502]  eta: 0:21:20  lr: 0.000001  loss: 6.9166 (6.9182)  time: 0.5870  data: 0.0003  max mem: 11557
Epoch: [0]  [ 400/2502]  eta: 0:21:13  lr: 0.000001  loss: 6.9222 (6.9183)  time: 0.5877  data: 0.0003  max mem: 11557
Epoch: [0]  [ 410/2502]  eta: 0:21:06  lr: 0.000001  loss: 6.9222 (6.9184)  time: 0.5899  data: 0.0003  max mem: 11557
Epoch: [0]  [ 420/2502]  eta: 0:21:00  lr: 0.000001  loss: 6.9186 (6.9184)  time: 0.5940  data: 0.0003  max mem: 11557
Epoch: [0]  [ 430/2502]  eta: 0:20:54  lr: 0.000001  loss: 6.9184 (6.9184)  time: 0.6046  data: 0.0003  max mem: 11557
Epoch: [0]  [ 440/2502]  eta: 0:20:48  lr: 0.000001  loss: 6.9175 (6.9184)  time: 0.6031  data: 0.0003  max mem: 11557
Epoch: [0]  [ 450/2502]  eta: 0:20:41  lr: 0.000001  loss: 6.9175 (6.9185)  time: 0.5921  data: 0.0003  max mem: 11557
Epoch: [0]  [ 460/2502]  eta: 0:20:34  lr: 0.000001  loss: 6.9172 (6.9185)  time: 0.5892  data: 0.0003  max mem: 11557
Epoch: [0]  [ 470/2502]  eta: 0:20:27  lr: 0.000001  loss: 6.9158 (6.9185)  time: 0.5885  data: 0.0003  max mem: 11557
Epoch: [0]  [ 480/2502]  eta: 0:20:21  lr: 0.000001  loss: 6.9194 (6.9185)  time: 0.5890  data: 0.0003  max mem: 11557
Epoch: [0]  [ 490/2502]  eta: 0:20:14  lr: 0.000001  loss: 6.9189 (6.9185)  time: 0.5883  data: 0.0003  max mem: 11557
Epoch: [0]  [ 500/2502]  eta: 0:20:07  lr: 0.000001  loss: 6.9185 (6.9185)  time: 0.5872  data: 0.0003  max mem: 11557
Epoch: [0]  [ 510/2502]  eta: 0:20:01  lr: 0.000001  loss: 6.9155 (6.9184)  time: 0.5884  data: 0.0003  max mem: 11557
Epoch: [0]  [ 520/2502]  eta: 0:19:54  lr: 0.000001  loss: 6.9135 (6.9183)  time: 0.5888  data: 0.0003  max mem: 11557
Epoch: [0]  [ 530/2502]  eta: 0:19:48  lr: 0.000001  loss: 6.9150 (6.9184)  time: 0.5878  data: 0.0003  max mem: 11557
Epoch: [0]  [ 540/2502]  eta: 0:19:41  lr: 0.000001  loss: 6.9202 (6.9184)  time: 0.5878  data: 0.0003  max mem: 11557
Epoch: [0]  [ 550/2502]  eta: 0:19:34  lr: 0.000001  loss: 6.9163 (6.9183)  time: 0.5878  data: 0.0003  max mem: 11557
Epoch: [0]  [ 560/2502]  eta: 0:19:28  lr: 0.000001  loss: 6.9203 (6.9184)  time: 0.5881  data: 0.0003  max mem: 11557
Epoch: [0]  [ 570/2502]  eta: 0:19:22  lr: 0.000001  loss: 6.9191 (6.9183)  time: 0.5897  data: 0.0003  max mem: 11557
Epoch: [0]  [ 580/2502]  eta: 0:19:15  lr: 0.000001  loss: 6.9166 (6.9183)  time: 0.5900  data: 0.0003  max mem: 11557
Epoch: [0]  [ 590/2502]  eta: 0:19:09  lr: 0.000001  loss: 6.9161 (6.9183)  time: 0.5887  data: 0.0003  max mem: 11557
Epoch: [0]  [ 600/2502]  eta: 0:19:02  lr: 0.000001  loss: 6.9198 (6.9183)  time: 0.5888  data: 0.0003  max mem: 11557
Epoch: [0]  [ 610/2502]  eta: 0:18:56  lr: 0.000001  loss: 6.9163 (6.9182)  time: 0.5892  data: 0.0003  max mem: 11557
Epoch: [0]  [ 620/2502]  eta: 0:18:50  lr: 0.000001  loss: 6.9174 (6.9183)  time: 0.5882  data: 0.0003  max mem: 11557
Epoch: [0]  [ 630/2502]  eta: 0:18:43  lr: 0.000001  loss: 6.9163 (6.9182)  time: 0.5879  data: 0.0003  max mem: 11557
Epoch: [0]  [ 640/2502]  eta: 0:18:37  lr: 0.000001  loss: 6.9137 (6.9182)  time: 0.5877  data: 0.0003  max mem: 11557
Epoch: [0]  [ 650/2502]  eta: 0:18:30  lr: 0.000001  loss: 6.9126 (6.9181)  time: 0.5882  data: 0.0003  max mem: 11557
Epoch: [0]  [ 660/2502]  eta: 0:18:24  lr: 0.000001  loss: 6.9136 (6.9181)  time: 0.5892  data: 0.0003  max mem: 11557
Epoch: [0]  [ 670/2502]  eta: 0:18:18  lr: 0.000001  loss: 6.9136 (6.9181)  time: 0.5881  data: 0.0003  max mem: 11557
Epoch: [0]  [ 680/2502]  eta: 0:18:12  lr: 0.000001  loss: 6.9147 (6.9180)  time: 0.5873  data: 0.0003  max mem: 11557
Epoch: [0]  [ 690/2502]  eta: 0:18:05  lr: 0.000001  loss: 6.9152 (6.9180)  time: 0.5911  data: 0.0003  max mem: 11557
Epoch: [0]  [ 700/2502]  eta: 0:17:59  lr: 0.000001  loss: 6.9187 (6.9181)  time: 0.5921  data: 0.0003  max mem: 11557
Epoch: [0]  [ 710/2502]  eta: 0:17:53  lr: 0.000001  loss: 6.9176 (6.9181)  time: 0.5880  data: 0.0003  max mem: 11557
Epoch: [0]  [ 720/2502]  eta: 0:17:47  lr: 0.000001  loss: 6.9144 (6.9180)  time: 0.5874  data: 0.0003  max mem: 11557
Epoch: [0]  [ 730/2502]  eta: 0:17:40  lr: 0.000001  loss: 6.9133 (6.9180)  time: 0.5880  data: 0.0003  max mem: 11557
Epoch: [0]  [ 740/2502]  eta: 0:17:34  lr: 0.000001  loss: 6.9159 (6.9180)  time: 0.5877  data: 0.0003  max mem: 11557
Epoch: [0]  [ 750/2502]  eta: 0:17:28  lr: 0.000001  loss: 6.9159 (6.9179)  time: 0.5874  data: 0.0003  max mem: 11557
Epoch: [0]  [ 760/2502]  eta: 0:17:22  lr: 0.000001  loss: 6.9142 (6.9179)  time: 0.5878  data: 0.0003  max mem: 11557
Epoch: [0]  [ 770/2502]  eta: 0:17:15  lr: 0.000001  loss: 6.9142 (6.9178)  time: 0.5880  data: 0.0003  max mem: 11557
Epoch: [0]  [ 780/2502]  eta: 0:17:09  lr: 0.000001  loss: 6.9169 (6.9178)  time: 0.5885  data: 0.0003  max mem: 11557
Epoch: [0]  [ 790/2502]  eta: 0:17:03  lr: 0.000001  loss: 6.9155 (6.9178)  time: 0.5890  data: 0.0003  max mem: 11557
Epoch: [0]  [ 800/2502]  eta: 0:16:57  lr: 0.000001  loss: 6.9138 (6.9178)  time: 0.5916  data: 0.0003  max mem: 11557
Epoch: [0]  [ 810/2502]  eta: 0:16:51  lr: 0.000001  loss: 6.9110 (6.9177)  time: 0.5908  data: 0.0003  max mem: 11557
Epoch: [0]  [ 820/2502]  eta: 0:16:45  lr: 0.000001  loss: 6.9110 (6.9176)  time: 0.5881  data: 0.0003  max mem: 11557
Epoch: [0]  [ 830/2502]  eta: 0:16:39  lr: 0.000001  loss: 6.9127 (6.9176)  time: 0.5902  data: 0.0003  max mem: 11557
Epoch: [0]  [ 840/2502]  eta: 0:16:32  lr: 0.000001  loss: 6.9163 (6.9176)  time: 0.5923  data: 0.0003  max mem: 11557
Epoch: [0]  [ 850/2502]  eta: 0:16:26  lr: 0.000001  loss: 6.9143 (6.9175)  time: 0.5914  data: 0.0003  max mem: 11557
Epoch: [0]  [ 860/2502]  eta: 0:16:20  lr: 0.000001  loss: 6.9138 (6.9174)  time: 0.5891  data: 0.0003  max mem: 11557
Epoch: [0]  [ 870/2502]  eta: 0:16:14  lr: 0.000001  loss: 6.9126 (6.9174)  time: 0.5892  data: 0.0003  max mem: 11557
Epoch: [0]  [ 880/2502]  eta: 0:16:08  lr: 0.000001  loss: 6.9126 (6.9173)  time: 0.5886  data: 0.0003  max mem: 11557
Epoch: [0]  [ 890/2502]  eta: 0:16:02  lr: 0.000001  loss: 6.9125 (6.9173)  time: 0.5908  data: 0.0003  max mem: 11557
Epoch: [0]  [ 900/2502]  eta: 0:15:56  lr: 0.000001  loss: 6.9137 (6.9172)  time: 0.5915  data: 0.0003  max mem: 11557
Epoch: [0]  [ 910/2502]  eta: 0:15:50  lr: 0.000001  loss: 6.9139 (6.9172)  time: 0.5888  data: 0.0003  max mem: 11557
Epoch: [0]  [ 920/2502]  eta: 0:15:44  lr: 0.000001  loss: 6.9131 (6.9172)  time: 0.5968  data: 0.0003  max mem: 11557
Epoch: [0]  [ 930/2502]  eta: 0:15:38  lr: 0.000001  loss: 6.9150 (6.9172)  time: 0.5961  data: 0.0003  max mem: 11557
Epoch: [0]  [ 940/2502]  eta: 0:15:32  lr: 0.000001  loss: 6.9150 (6.9172)  time: 0.5878  data: 0.0003  max mem: 11557
Epoch: [0]  [ 950/2502]  eta: 0:15:26  lr: 0.000001  loss: 6.9132 (6.9171)  time: 0.5900  data: 0.0003  max mem: 11557
Epoch: [0]  [ 960/2502]  eta: 0:15:20  lr: 0.000001  loss: 6.9127 (6.9170)  time: 0.5906  data: 0.0003  max mem: 11557
Epoch: [0]  [ 970/2502]  eta: 0:15:13  lr: 0.000001  loss: 6.9136 (6.9170)  time: 0.5901  data: 0.0003  max mem: 11557
Epoch: [0]  [ 980/2502]  eta: 0:15:07  lr: 0.000001  loss: 6.9144 (6.9170)  time: 0.5890  data: 0.0003  max mem: 11557
Epoch: [0]  [ 990/2502]  eta: 0:15:01  lr: 0.000001  loss: 6.9146 (6.9170)  time: 0.5873  data: 0.0003  max mem: 11557
Epoch: [0]  [1000/2502]  eta: 0:14:55  lr: 0.000001  loss: 6.9141 (6.9170)  time: 0.5884  data: 0.0003  max mem: 11557
Epoch: [0]  [1010/2502]  eta: 0:14:49  lr: 0.000001  loss: 6.9129 (6.9169)  time: 0.5906  data: 0.0003  max mem: 11557
Epoch: [0]  [1020/2502]  eta: 0:14:43  lr: 0.000001  loss: 6.9106 (6.9169)  time: 0.5902  data: 0.0003  max mem: 11557
Epoch: [0]  [1030/2502]  eta: 0:14:37  lr: 0.000001  loss: 6.9086 (6.9168)  time: 0.5884  data: 0.0003  max mem: 11557
Epoch: [0]  [1040/2502]  eta: 0:14:31  lr: 0.000001  loss: 6.9129 (6.9168)  time: 0.5874  data: 0.0003  max mem: 11557
Epoch: [0]  [1050/2502]  eta: 0:14:25  lr: 0.000001  loss: 6.9139 (6.9167)  time: 0.5892  data: 0.0003  max mem: 11557
Epoch: [0]  [1060/2502]  eta: 0:14:19  lr: 0.000001  loss: 6.9101 (6.9167)  time: 0.5903  data: 0.0003  max mem: 11557
Epoch: [0]  [1070/2502]  eta: 0:14:13  lr: 0.000001  loss: 6.9101 (6.9166)  time: 0.5916  data: 0.0003  max mem: 11557
Epoch: [0]  [1080/2502]  eta: 0:14:07  lr: 0.000001  loss: 6.9115 (6.9166)  time: 0.5929  data: 0.0003  max mem: 11557
Epoch: [0]  [1090/2502]  eta: 0:14:01  lr: 0.000001  loss: 6.9148 (6.9166)  time: 0.5895  data: 0.0003  max mem: 11557
Epoch: [0]  [1100/2502]  eta: 0:13:55  lr: 0.000001  loss: 6.9153 (6.9165)  time: 0.5890  data: 0.0003  max mem: 11557
Epoch: [0]  [1110/2502]  eta: 0:13:49  lr: 0.000001  loss: 6.9093 (6.9165)  time: 0.5893  data: 0.0003  max mem: 11557
Epoch: [0]  [1120/2502]  eta: 0:13:43  lr: 0.000001  loss: 6.9051 (6.9164)  time: 0.5892  data: 0.0003  max mem: 11557
Epoch: [0]  [1130/2502]  eta: 0:13:37  lr: 0.000001  loss: 6.9073 (6.9163)  time: 0.5907  data: 0.0003  max mem: 11557
Epoch: [0]  [1140/2502]  eta: 0:13:31  lr: 0.000001  loss: 6.9110 (6.9163)  time: 0.5922  data: 0.0003  max mem: 11557
Epoch: [0]  [1150/2502]  eta: 0:13:25  lr: 0.000001  loss: 6.9113 (6.9163)  time: 0.5902  data: 0.0003  max mem: 11557
Epoch: [0]  [1160/2502]  eta: 0:13:19  lr: 0.000001  loss: 6.9114 (6.9163)  time: 0.5879  data: 0.0003  max mem: 11557
Epoch: [0]  [1170/2502]  eta: 0:13:13  lr: 0.000001  loss: 6.9152 (6.9162)  time: 0.5906  data: 0.0003  max mem: 11557
Epoch: [0]  [1180/2502]  eta: 0:13:07  lr: 0.000001  loss: 6.9151 (6.9162)  time: 0.5912  data: 0.0003  max mem: 11557
Epoch: [0]  [1190/2502]  eta: 0:13:01  lr: 0.000001  loss: 6.9133 (6.9162)  time: 0.5899  data: 0.0003  max mem: 11557
Epoch: [0]  [1200/2502]  eta: 0:12:55  lr: 0.000001  loss: 6.9127 (6.9162)  time: 0.5893  data: 0.0003  max mem: 11557
Epoch: [0]  [1210/2502]  eta: 0:12:48  lr: 0.000001  loss: 6.9145 (6.9161)  time: 0.5886  data: 0.0003  max mem: 11557
Epoch: [0]  [1220/2502]  eta: 0:12:42  lr: 0.000001  loss: 6.9133 (6.9161)  time: 0.5885  data: 0.0003  max mem: 11557
Epoch: [0]  [1230/2502]  eta: 0:12:36  lr: 0.000001  loss: 6.9121 (6.9161)  time: 0.5897  data: 0.0003  max mem: 11557
Epoch: [0]  [1240/2502]  eta: 0:12:30  lr: 0.000001  loss: 6.9117 (6.9160)  time: 0.5904  data: 0.0003  max mem: 11557
Epoch: [0]  [1250/2502]  eta: 0:12:24  lr: 0.000001  loss: 6.9138 (6.9160)  time: 0.5891  data: 0.0003  max mem: 11557
Epoch: [0]  [1260/2502]  eta: 0:12:18  lr: 0.000001  loss: 6.9138 (6.9160)  time: 0.5911  data: 0.0003  max mem: 11557
Epoch: [0]  [1270/2502]  eta: 0:12:12  lr: 0.000001  loss: 6.9163 (6.9160)  time: 0.5918  data: 0.0003  max mem: 11557
Epoch: [0]  [1280/2502]  eta: 0:12:06  lr: 0.000001  loss: 6.9158 (6.9160)  time: 0.5894  data: 0.0003  max mem: 11557
Epoch: [0]  [1290/2502]  eta: 0:12:00  lr: 0.000001  loss: 6.9144 (6.9160)  time: 0.5885  data: 0.0003  max mem: 11557
Epoch: [0]  [1300/2502]  eta: 0:11:54  lr: 0.000001  loss: 6.9109 (6.9159)  time: 0.5879  data: 0.0003  max mem: 11557
Epoch: [0]  [1310/2502]  eta: 0:11:48  lr: 0.000001  loss: 6.9086 (6.9159)  time: 0.5892  data: 0.0003  max mem: 11557
Epoch: [0]  [1320/2502]  eta: 0:11:42  lr: 0.000001  loss: 6.9085 (6.9158)  time: 0.5903  data: 0.0003  max mem: 11557
Epoch: [0]  [1330/2502]  eta: 0:11:36  lr: 0.000001  loss: 6.9118 (6.9158)  time: 0.5887  data: 0.0003  max mem: 11557
Epoch: [0]  [1340/2502]  eta: 0:11:30  lr: 0.000001  loss: 6.9145 (6.9158)  time: 0.5874  data: 0.0003  max mem: 11557
Epoch: [0]  [1350/2502]  eta: 0:11:24  lr: 0.000001  loss: 6.9105 (6.9158)  time: 0.5875  data: 0.0003  max mem: 11557
Epoch: [0]  [1360/2502]  eta: 0:11:18  lr: 0.000001  loss: 6.9105 (6.9158)  time: 0.5878  data: 0.0003  max mem: 11557
Epoch: [0]  [1370/2502]  eta: 0:11:12  lr: 0.000001  loss: 6.9113 (6.9157)  time: 0.5885  data: 0.0003  max mem: 11557
Epoch: [0]  [1380/2502]  eta: 0:11:06  lr: 0.000001  loss: 6.9081 (6.9157)  time: 0.5882  data: 0.0003  max mem: 11557
Epoch: [0]  [1390/2502]  eta: 0:11:00  lr: 0.000001  loss: 6.9099 (6.9156)  time: 0.5891  data: 0.0003  max mem: 11557
Epoch: [0]  [1400/2502]  eta: 0:10:54  lr: 0.000001  loss: 6.9133 (6.9156)  time: 0.5899  data: 0.0003  max mem: 11557
Epoch: [0]  [1410/2502]  eta: 0:10:48  lr: 0.000001  loss: 6.9125 (6.9156)  time: 0.5880  data: 0.0003  max mem: 11557
Epoch: [0]  [1420/2502]  eta: 0:10:43  lr: 0.000001  loss: 6.9118 (6.9156)  time: 0.5885  data: 0.0003  max mem: 11557
Epoch: [0]  [1430/2502]  eta: 0:10:37  lr: 0.000001  loss: 6.9152 (6.9156)  time: 0.5898  data: 0.0003  max mem: 11557
Epoch: [0]  [1440/2502]  eta: 0:10:31  lr: 0.000001  loss: 6.9132 (6.9155)  time: 0.5915  data: 0.0003  max mem: 11557
Epoch: [0]  [1450/2502]  eta: 0:10:25  lr: 0.000001  loss: 6.9102 (6.9155)  time: 0.5929  data: 0.0003  max mem: 11557
Epoch: [0]  [1460/2502]  eta: 0:10:19  lr: 0.000001  loss: 6.9090 (6.9155)  time: 0.5913  data: 0.0003  max mem: 11557
Epoch: [0]  [1470/2502]  eta: 0:10:13  lr: 0.000001  loss: 6.9093 (6.9154)  time: 0.5910  data: 0.0003  max mem: 11557
Epoch: [0]  [1480/2502]  eta: 0:10:07  lr: 0.000001  loss: 6.9100 (6.9154)  time: 0.5903  data: 0.0003  max mem: 11557
Epoch: [0]  [1490/2502]  eta: 0:10:01  lr: 0.000001  loss: 6.9073 (6.9154)  time: 0.5893  data: 0.0003  max mem: 11557
Epoch: [0]  [1500/2502]  eta: 0:09:55  lr: 0.000001  loss: 6.9070 (6.9153)  time: 0.5892  data: 0.0003  max mem: 11557
Epoch: [0]  [1510/2502]  eta: 0:09:49  lr: 0.000001  loss: 6.9111 (6.9153)  time: 0.5881  data: 0.0003  max mem: 11557
Epoch: [0]  [1520/2502]  eta: 0:09:43  lr: 0.000001  loss: 6.9111 (6.9153)  time: 0.5892  data: 0.0003  max mem: 11557
Epoch: [0]  [1530/2502]  eta: 0:09:37  lr: 0.000001  loss: 6.9110 (6.9153)  time: 0.5898  data: 0.0003  max mem: 11557
Epoch: [0]  [1540/2502]  eta: 0:09:31  lr: 0.000001  loss: 6.9100 (6.9152)  time: 0.5906  data: 0.0003  max mem: 11557
Epoch: [0]  [1550/2502]  eta: 0:09:25  lr: 0.000001  loss: 6.9058 (6.9152)  time: 0.5906  data: 0.0003  max mem: 11557
Epoch: [0]  [1560/2502]  eta: 0:09:19  lr: 0.000001  loss: 6.9060 (6.9151)  time: 0.5888  data: 0.0003  max mem: 11557
Epoch: [0]  [1570/2502]  eta: 0:09:13  lr: 0.000001  loss: 6.9100 (6.9151)  time: 0.5920  data: 0.0003  max mem: 11557
Epoch: [0]  [1580/2502]  eta: 0:09:07  lr: 0.000001  loss: 6.9074 (6.9150)  time: 0.5916  data: 0.0003  max mem: 11557
Epoch: [0]  [1590/2502]  eta: 0:09:01  lr: 0.000001  loss: 6.9052 (6.9150)  time: 0.5891  data: 0.0003  max mem: 11557
Epoch: [0]  [1600/2502]  eta: 0:08:55  lr: 0.000001  loss: 6.9107 (6.9150)  time: 0.5897  data: 0.0003  max mem: 11557
Epoch: [0]  [1610/2502]  eta: 0:08:49  lr: 0.000001  loss: 6.9098 (6.9149)  time: 0.5881  data: 0.0003  max mem: 11557
Epoch: [0]  [1620/2502]  eta: 0:08:43  lr: 0.000001  loss: 6.9098 (6.9149)  time: 0.5906  data: 0.0003  max mem: 11557
Epoch: [0]  [1630/2502]  eta: 0:08:37  lr: 0.000001  loss: 6.9079 (6.9149)  time: 0.5910  data: 0.0003  max mem: 11557
Epoch: [0]  [1640/2502]  eta: 0:08:31  lr: 0.000001  loss: 6.9079 (6.9148)  time: 0.5905  data: 0.0003  max mem: 11557
Epoch: [0]  [1650/2502]  eta: 0:08:25  lr: 0.000001  loss: 6.9099 (6.9148)  time: 0.5930  data: 0.0003  max mem: 11557
Epoch: [0]  [1660/2502]  eta: 0:08:19  lr: 0.000001  loss: 6.9099 (6.9148)  time: 0.5961  data: 0.0003  max mem: 11557
Epoch: [0]  [1670/2502]  eta: 0:08:14  lr: 0.000001  loss: 6.9080 (6.9147)  time: 0.5985  data: 0.0003  max mem: 11557
Epoch: [0]  [1680/2502]  eta: 0:08:08  lr: 0.000001  loss: 6.9067 (6.9147)  time: 0.5935  data: 0.0003  max mem: 11557
Epoch: [0]  [1690/2502]  eta: 0:08:02  lr: 0.000001  loss: 6.9085 (6.9147)  time: 0.5917  data: 0.0003  max mem: 11557
Epoch: [0]  [1700/2502]  eta: 0:07:56  lr: 0.000001  loss: 6.9089 (6.9146)  time: 0.5988  data: 0.0003  max mem: 11557
Epoch: [0]  [1710/2502]  eta: 0:07:50  lr: 0.000001  loss: 6.9099 (6.9146)  time: 0.5998  data: 0.0003  max mem: 11557
Epoch: [0]  [1720/2502]  eta: 0:07:44  lr: 0.000001  loss: 6.9109 (6.9146)  time: 0.5923  data: 0.0003  max mem: 11557
Epoch: [0]  [1730/2502]  eta: 0:07:38  lr: 0.000001  loss: 6.9136 (6.9146)  time: 0.5925  data: 0.0003  max mem: 11557
Epoch: [0]  [1740/2502]  eta: 0:07:32  lr: 0.000001  loss: 6.9126 (6.9146)  time: 0.5993  data: 0.0003  max mem: 11557
Epoch: [0]  [1750/2502]  eta: 0:07:26  lr: 0.000001  loss: 6.9109 (6.9145)  time: 0.5993  data: 0.0003  max mem: 11557
Epoch: [0]  [1760/2502]  eta: 0:07:20  lr: 0.000001  loss: 6.9109 (6.9145)  time: 0.5932  data: 0.0003  max mem: 11557
Epoch: [0]  [1770/2502]  eta: 0:07:14  lr: 0.000001  loss: 6.9109 (6.9145)  time: 0.5908  data: 0.0003  max mem: 11557
Epoch: [0]  [1780/2502]  eta: 0:07:08  lr: 0.000001  loss: 6.9089 (6.9145)  time: 0.5905  data: 0.0003  max mem: 11557
Epoch: [0]  [1790/2502]  eta: 0:07:02  lr: 0.000001  loss: 6.9076 (6.9144)  time: 0.5894  data: 0.0003  max mem: 11557
Epoch: [0]  [1800/2502]  eta: 0:06:56  lr: 0.000001  loss: 6.9076 (6.9144)  time: 0.5892  data: 0.0003  max mem: 11557
Epoch: [0]  [1810/2502]  eta: 0:06:50  lr: 0.000001  loss: 6.9085 (6.9143)  time: 0.5883  data: 0.0003  max mem: 11557
Epoch: [0]  [1820/2502]  eta: 0:06:44  lr: 0.000001  loss: 6.9084 (6.9143)  time: 0.5886  data: 0.0003  max mem: 11557
Epoch: [0]  [1830/2502]  eta: 0:06:38  lr: 0.000001  loss: 6.9084 (6.9143)  time: 0.5889  data: 0.0003  max mem: 11557
Epoch: [0]  [1840/2502]  eta: 0:06:33  lr: 0.000001  loss: 6.9081 (6.9143)  time: 0.5894  data: 0.0003  max mem: 11557
Epoch: [0]  [1850/2502]  eta: 0:06:27  lr: 0.000001  loss: 6.9092 (6.9142)  time: 0.5922  data: 0.0003  max mem: 11557
Epoch: [0]  [1860/2502]  eta: 0:06:21  lr: 0.000001  loss: 6.9107 (6.9142)  time: 0.5923  data: 0.0004  max mem: 11557
Epoch: [0]  [1870/2502]  eta: 0:06:15  lr: 0.000001  loss: 6.9065 (6.9142)  time: 0.5921  data: 0.0004  max mem: 11557
Epoch: [0]  [1880/2502]  eta: 0:06:09  lr: 0.000001  loss: 6.9073 (6.9141)  time: 0.5939  data: 0.0003  max mem: 11557
Epoch: [0]  [1890/2502]  eta: 0:06:03  lr: 0.000001  loss: 6.9095 (6.9141)  time: 0.5934  data: 0.0003  max mem: 11557
Epoch: [0]  [1900/2502]  eta: 0:05:57  lr: 0.000001  loss: 6.9073 (6.9141)  time: 0.5916  data: 0.0003  max mem: 11557
Epoch: [0]  [1910/2502]  eta: 0:05:51  lr: 0.000001  loss: 6.9082 (6.9140)  time: 0.5902  data: 0.0003  max mem: 11557
Epoch: [0]  [1920/2502]  eta: 0:05:45  lr: 0.000001  loss: 6.9075 (6.9140)  time: 0.5898  data: 0.0003  max mem: 11557
Epoch: [0]  [1930/2502]  eta: 0:05:39  lr: 0.000001  loss: 6.9072 (6.9140)  time: 0.5893  data: 0.0003  max mem: 11557
Epoch: [0]  [1940/2502]  eta: 0:05:33  lr: 0.000001  loss: 6.9087 (6.9140)  time: 0.5902  data: 0.0003  max mem: 11557
Epoch: [0]  [1950/2502]  eta: 0:05:27  lr: 0.000001  loss: 6.9059 (6.9139)  time: 0.5912  data: 0.0003  max mem: 11557
Epoch: [0]  [1960/2502]  eta: 0:05:21  lr: 0.000001  loss: 6.9081 (6.9139)  time: 0.5891  data: 0.0003  max mem: 11557
Epoch: [0]  [1970/2502]  eta: 0:05:15  lr: 0.000001  loss: 6.9090 (6.9139)  time: 0.5885  data: 0.0003  max mem: 11557
Epoch: [0]  [1980/2502]  eta: 0:05:09  lr: 0.000001  loss: 6.9108 (6.9139)  time: 0.5892  data: 0.0003  max mem: 11557
Epoch: [0]  [1990/2502]  eta: 0:05:03  lr: 0.000001  loss: 6.9087 (6.9138)  time: 0.5886  data: 0.0003  max mem: 11557
Epoch: [0]  [2000/2502]  eta: 0:04:57  lr: 0.000001  loss: 6.9087 (6.9138)  time: 0.5898  data: 0.0003  max mem: 11557
Epoch: [0]  [2010/2502]  eta: 0:04:51  lr: 0.000001  loss: 6.9089 (6.9138)  time: 0.5915  data: 0.0003  max mem: 11557
Epoch: [0]  [2020/2502]  eta: 0:04:46  lr: 0.000001  loss: 6.9100 (6.9138)  time: 0.5928  data: 0.0003  max mem: 11557
Epoch: [0]  [2030/2502]  eta: 0:04:40  lr: 0.000001  loss: 6.9114 (6.9138)  time: 0.5908  data: 0.0003  max mem: 11557
Epoch: [0]  [2040/2502]  eta: 0:04:34  lr: 0.000001  loss: 6.9092 (6.9137)  time: 0.5916  data: 0.0003  max mem: 11557
Epoch: [0]  [2050/2502]  eta: 0:04:28  lr: 0.000001  loss: 6.9077 (6.9137)  time: 0.5926  data: 0.0003  max mem: 11557
Epoch: [0]  [2060/2502]  eta: 0:04:22  lr: 0.000001  loss: 6.9102 (6.9137)  time: 0.5889  data: 0.0003  max mem: 11557
Epoch: [0]  [2070/2502]  eta: 0:04:16  lr: 0.000001  loss: 6.9088 (6.9136)  time: 0.5895  data: 0.0003  max mem: 11557
Epoch: [0]  [2080/2502]  eta: 0:04:10  lr: 0.000001  loss: 6.9067 (6.9136)  time: 0.5897  data: 0.0003  max mem: 11557
Epoch: [0]  [2090/2502]  eta: 0:04:04  lr: 0.000001  loss: 6.9067 (6.9136)  time: 0.5890  data: 0.0003  max mem: 11557
Epoch: [0]  [2100/2502]  eta: 0:03:58  lr: 0.000001  loss: 6.9076 (6.9136)  time: 0.5898  data: 0.0003  max mem: 11557
Epoch: [0]  [2110/2502]  eta: 0:03:52  lr: 0.000001  loss: 6.9108 (6.9136)  time: 0.5899  data: 0.0003  max mem: 11557
Epoch: [0]  [2120/2502]  eta: 0:03:46  lr: 0.000001  loss: 6.9112 (6.9136)  time: 0.5884  data: 0.0003  max mem: 11557
Epoch: [0]  [2130/2502]  eta: 0:03:40  lr: 0.000001  loss: 6.9122 (6.9135)  time: 0.5880  data: 0.0003  max mem: 11557
Epoch: [0]  [2140/2502]  eta: 0:03:34  lr: 0.000001  loss: 6.9088 (6.9135)  time: 0.5879  data: 0.0003  max mem: 11557
Epoch: [0]  [2150/2502]  eta: 0:03:28  lr: 0.000001  loss: 6.9057 (6.9135)  time: 0.5896  data: 0.0003  max mem: 11557
Epoch: [0]  [2160/2502]  eta: 0:03:22  lr: 0.000001  loss: 6.9057 (6.9134)  time: 0.5913  data: 0.0003  max mem: 11557
Epoch: [0]  [2170/2502]  eta: 0:03:16  lr: 0.000001  loss: 6.9067 (6.9134)  time: 0.5914  data: 0.0003  max mem: 11557
Epoch: [0]  [2180/2502]  eta: 0:03:11  lr: 0.000001  loss: 6.9052 (6.9134)  time: 0.5909  data: 0.0003  max mem: 11557
Epoch: [0]  [2190/2502]  eta: 0:03:05  lr: 0.000001  loss: 6.9059 (6.9134)  time: 0.5899  data: 0.0003  max mem: 11557
Epoch: [0]  [2200/2502]  eta: 0:02:59  lr: 0.000001  loss: 6.9061 (6.9133)  time: 0.5911  data: 0.0003  max mem: 11557
Epoch: [0]  [2210/2502]  eta: 0:02:53  lr: 0.000001  loss: 6.9069 (6.9133)  time: 0.5909  data: 0.0003  max mem: 11557
Epoch: [0]  [2220/2502]  eta: 0:02:47  lr: 0.000001  loss: 6.9052 (6.9132)  time: 0.5901  data: 0.0003  max mem: 11557
Epoch: [0]  [2230/2502]  eta: 0:02:41  lr: 0.000001  loss: 6.9045 (6.9132)  time: 0.5899  data: 0.0003  max mem: 11557
Epoch: [0]  [2240/2502]  eta: 0:02:35  lr: 0.000001  loss: 6.9093 (6.9132)  time: 0.5914  data: 0.0003  max mem: 11557
Epoch: [0]  [2250/2502]  eta: 0:02:29  lr: 0.000001  loss: 6.9093 (6.9132)  time: 0.5921  data: 0.0003  max mem: 11557
Epoch: [0]  [2260/2502]  eta: 0:02:23  lr: 0.000001  loss: 6.9054 (6.9132)  time: 0.5911  data: 0.0003  max mem: 11557
Epoch: [0]  [2270/2502]  eta: 0:02:17  lr: 0.000001  loss: 6.9058 (6.9131)  time: 0.5890  data: 0.0003  max mem: 11557
Epoch: [0]  [2280/2502]  eta: 0:02:11  lr: 0.000001  loss: 6.9083 (6.9131)  time: 0.5897  data: 0.0003  max mem: 11557
Epoch: [0]  [2290/2502]  eta: 0:02:05  lr: 0.000001  loss: 6.9088 (6.9131)  time: 0.5903  data: 0.0003  max mem: 11557
Epoch: [0]  [2300/2502]  eta: 0:01:59  lr: 0.000001  loss: 6.9073 (6.9131)  time: 0.5878  data: 0.0003  max mem: 11557
Epoch: [0]  [2310/2502]  eta: 0:01:53  lr: 0.000001  loss: 6.9073 (6.9131)  time: 0.5916  data: 0.0003  max mem: 11557
Epoch: [0]  [2320/2502]  eta: 0:01:47  lr: 0.000001  loss: 6.9115 (6.9130)  time: 0.5937  data: 0.0003  max mem: 11557
Epoch: [0]  [2330/2502]  eta: 0:01:41  lr: 0.000001  loss: 6.9086 (6.9130)  time: 0.5908  data: 0.0003  max mem: 11557
Epoch: [0]  [2340/2502]  eta: 0:01:36  lr: 0.000001  loss: 6.9086 (6.9130)  time: 0.5914  data: 0.0003  max mem: 11557
Epoch: [0]  [2350/2502]  eta: 0:01:30  lr: 0.000001  loss: 6.9088 (6.9130)  time: 0.5897  data: 0.0003  max mem: 11557
Epoch: [0]  [2360/2502]  eta: 0:01:24  lr: 0.000001  loss: 6.9071 (6.9130)  time: 0.5901  data: 0.0003  max mem: 11557
Epoch: [0]  [2370/2502]  eta: 0:01:18  lr: 0.000001  loss: 6.9075 (6.9130)  time: 0.5922  data: 0.0013  max mem: 11557
Epoch: [0]  [2380/2502]  eta: 0:01:12  lr: 0.000001  loss: 6.9096 (6.9129)  time: 0.5925  data: 0.0013  max mem: 11557
Epoch: [0]  [2390/2502]  eta: 0:01:06  lr: 0.000001  loss: 6.9048 (6.9129)  time: 0.5966  data: 0.0003  max mem: 11557
Epoch: [0]  [2400/2502]  eta: 0:01:00  lr: 0.000001  loss: 6.9045 (6.9129)  time: 0.5934  data: 0.0003  max mem: 11557
Epoch: [0]  [2410/2502]  eta: 0:00:54  lr: 0.000001  loss: 6.9065 (6.9129)  time: 0.5902  data: 0.0003  max mem: 11557
Epoch: [0]  [2420/2502]  eta: 0:00:48  lr: 0.000001  loss: 6.9063 (6.9128)  time: 0.5960  data: 0.0003  max mem: 11557
Epoch: [0]  [2430/2502]  eta: 0:00:42  lr: 0.000001  loss: 6.9066 (6.9128)  time: 0.5953  data: 0.0003  max mem: 11557
Epoch: [0]  [2440/2502]  eta: 0:00:36  lr: 0.000001  loss: 6.9064 (6.9128)  time: 0.5896  data: 0.0003  max mem: 11557
Epoch: [0]  [2450/2502]  eta: 0:00:30  lr: 0.000001  loss: 6.9063 (6.9127)  time: 0.5881  data: 0.0003  max mem: 11557
Epoch: [0]  [2460/2502]  eta: 0:00:24  lr: 0.000001  loss: 6.9086 (6.9127)  time: 0.5921  data: 0.0003  max mem: 11557
Epoch: [0]  [2470/2502]  eta: 0:00:18  lr: 0.000001  loss: 6.9064 (6.9127)  time: 0.5935  data: 0.0003  max mem: 11557
Epoch: [0]  [2480/2502]  eta: 0:00:13  lr: 0.000001  loss: 6.9073 (6.9127)  time: 0.5910  data: 0.0003  max mem: 11557
Epoch: [0]  [2490/2502]  eta: 0:00:07  lr: 0.000001  loss: 6.9055 (6.9126)  time: 0.5888  data: 0.0006  max mem: 11557
Epoch: [0]  [2500/2502]  eta: 0:00:01  lr: 0.000001  loss: 6.9055 (6.9126)  time: 0.5861  data: 0.0005  max mem: 11557
Epoch: [0]  [2501/2502]  eta: 0:00:00  lr: 0.000001  loss: 6.9055 (6.9126)  time: 0.5859  data: 0.0005  max mem: 11557
Epoch: [0] Total time: 0:24:43 (0.5931 s / it)
Averaged stats: lr: 0.000001  loss: 6.9055 (6.9126)
Test:  [  0/131]  eta: 0:12:53  loss: 6.8053 (6.8053)  acc1: 0.0000 (0.0000)  acc5: 1.3021 (1.3021)  time: 5.9062  data: 5.1690  max mem: 11557
Test:  [ 10/131]  eta: 0:02:31  loss: 6.8990 (6.8928)  acc1: 0.0000 (0.0473)  acc5: 0.0000 (0.4735)  time: 1.2517  data: 0.9038  max mem: 11557
Test:  [ 20/131]  eta: 0:01:54  loss: 6.8979 (6.8958)  acc1: 0.0000 (0.0496)  acc5: 0.0000 (0.4340)  time: 0.7843  data: 0.4771  max mem: 11557
Test:  [ 30/131]  eta: 0:01:37  loss: 6.9009 (6.8984)  acc1: 0.0000 (0.0756)  acc5: 0.0000 (0.4368)  time: 0.8039  data: 0.4992  max mem: 11557
Test:  [ 40/131]  eta: 0:01:30  loss: 6.9036 (6.8987)  acc1: 0.0000 (0.0762)  acc5: 0.2604 (0.4573)  time: 0.9603  data: 0.6568  max mem: 11557
Test:  [ 50/131]  eta: 0:01:21  loss: 6.9068 (6.8998)  acc1: 0.0000 (0.0715)  acc5: 0.2604 (0.4596)  time: 1.0762  data: 0.7721  max mem: 11557
Test:  [ 60/131]  eta: 0:01:10  loss: 6.8985 (6.8977)  acc1: 0.0000 (0.1409)  acc5: 0.2604 (0.6532)  time: 0.9987  data: 0.6943  max mem: 11557
Test:  [ 70/131]  eta: 0:00:59  loss: 6.8874 (6.8970)  acc1: 0.0000 (0.1247)  acc5: 0.5208 (0.6822)  time: 0.8899  data: 0.5864  max mem: 11557
Test:  [ 80/131]  eta: 0:00:49  loss: 6.8874 (6.8968)  acc1: 0.0000 (0.1318)  acc5: 0.5208 (0.7073)  time: 0.8807  data: 0.5782  max mem: 11557
Test:  [ 90/131]  eta: 0:00:39  loss: 6.8843 (6.8966)  acc1: 0.0000 (0.1374)  acc5: 0.2604 (0.7040)  time: 0.8814  data: 0.5792  max mem: 11557
Test:  [100/131]  eta: 0:00:29  loss: 6.8957 (6.8964)  acc1: 0.0000 (0.1341)  acc5: 0.0000 (0.6858)  time: 0.8376  data: 0.5339  max mem: 11557
Test:  [110/131]  eta: 0:00:19  loss: 6.9049 (6.8962)  acc1: 0.0000 (0.1760)  acc5: 0.0000 (0.7414)  time: 0.7904  data: 0.4855  max mem: 11557
Test:  [120/131]  eta: 0:00:10  loss: 6.8927 (6.8954)  acc1: 0.0000 (0.1872)  acc5: 0.2604 (0.8028)  time: 0.8629  data: 0.5572  max mem: 11557
Test:  [130/131]  eta: 0:00:00  loss: 6.8617 (6.8909)  acc1: 0.0000 (0.1820)  acc5: 0.2604 (0.7880)  time: 0.7810  data: 0.4864  max mem: 11557
Test: Total time: 0:01:58 (0.9037 s / it)
* Acc@1 0.182 Acc@5 0.788 loss 6.891
Accuracy of the network on the 50000 test images: 0.2%
Max accuracy: 0.18%
/home1/users/qinhaolin/.conda/envs/mmseg/lib/python3.7/site-packages/torchvision/transforms/functional.py:365: UserWarning: Argument interpolation should be of type InterpolationMode instead of int. Please, use InterpolationMode enum.
  "Argument interpolation should be of type InterpolationMode instead of int. "
/home1/users/qinhaolin/.conda/envs/mmseg/lib/python3.7/site-packages/torchvision/transforms/functional.py:365: UserWarning: Argument interpolation should be of type InterpolationMode instead of int. Please, use InterpolationMode enum.
  "Argument interpolation should be of type InterpolationMode instead of int. "
/home1/users/qinhaolin/.conda/envs/mmseg/lib/python3.7/site-packages/torchvision/transforms/functional.py:365: UserWarning: Argument interpolation should be of type InterpolationMode instead of int. Please, use InterpolationMode enum.
  "Argument interpolation should be of type InterpolationMode instead of int. "
/home1/users/qinhaolin/.conda/envs/mmseg/lib/python3.7/site-packages/torchvision/transforms/functional.py:365: UserWarning: Argument interpolation should be of type InterpolationMode instead of int. Please, use InterpolationMode enum.
  "Argument interpolation should be of type InterpolationMode instead of int. "
/home1/users/qinhaolin/.conda/envs/mmseg/lib/python3.7/site-packages/torchvision/transforms/functional.py:365: UserWarning: Argument interpolation should be of type InterpolationMode instead of int. Please, use InterpolationMode enum.
  "Argument interpolation should be of type InterpolationMode instead of int. "
/home1/users/qinhaolin/.conda/envs/mmseg/lib/python3.7/site-packages/torchvision/transforms/functional.py:365: UserWarning: Argument interpolation should be of type InterpolationMode instead of int. Please, use InterpolationMode enum.
  "Argument interpolation should be of type InterpolationMode instead of int. "
/home1/users/qinhaolin/.conda/envs/mmseg/lib/python3.7/site-packages/torchvision/transforms/functional.py:365: UserWarning: Argument interpolation should be of type InterpolationMode instead of int. Please, use InterpolationMode enum.
  "Argument interpolation should be of type InterpolationMode instead of int. "
/home1/users/qinhaolin/.conda/envs/mmseg/lib/python3.7/site-packages/torchvision/transforms/functional.py:365: UserWarning: Argument interpolation should be of type InterpolationMode instead of int. Please, use InterpolationMode enum.
  "Argument interpolation should be of type InterpolationMode instead of int. "
/home1/users/qinhaolin/.conda/envs/mmseg/lib/python3.7/site-packages/torchvision/transforms/functional.py:365: UserWarning: Argument interpolation should be of type InterpolationMode instead of int. Please, use InterpolationMode enum.
  "Argument interpolation should be of type InterpolationMode instead of int. "
/home1/users/qinhaolin/.conda/envs/mmseg/lib/python3.7/site-packages/torchvision/transforms/functional.py:365: UserWarning: Argument interpolation should be of type InterpolationMode instead of int. Please, use InterpolationMode enum.
  "Argument interpolation should be of type InterpolationMode instead of int. "
/home1/users/qinhaolin/.conda/envs/mmseg/lib/python3.7/site-packages/torchvision/transforms/functional.py:365: UserWarning: Argument interpolation should be of type InterpolationMode instead of int. Please, use InterpolationMode enum.
  "Argument interpolation should be of type InterpolationMode instead of int. "
/home1/users/qinhaolin/.conda/envs/mmseg/lib/python3.7/site-packages/torchvision/transforms/functional.py:365: UserWarning: Argument interpolation should be of type InterpolationMode instead of int. Please, use InterpolationMode enum.
  "Argument interpolation should be of type InterpolationMode instead of int. "
/home1/users/qinhaolin/.conda/envs/mmseg/lib/python3.7/site-packages/torchvision/transforms/functional.py:365: UserWarning: Argument interpolation should be of type InterpolationMode instead of int. Please, use InterpolationMode enum.
  "Argument interpolation should be of type InterpolationMode instead of int. "
/home1/users/qinhaolin/.conda/envs/mmseg/lib/python3.7/site-packages/torchvision/transforms/functional.py:365: UserWarning: Argument interpolation should be of type InterpolationMode instead of int. Please, use InterpolationMode enum.
  "Argument interpolation should be of type InterpolationMode instead of int. "
/home1/users/qinhaolin/.conda/envs/mmseg/lib/python3.7/site-packages/torchvision/transforms/functional.py:365: UserWarning: Argument interpolation should be of type InterpolationMode instead of int. Please, use InterpolationMode enum.
  "Argument interpolation should be of type InterpolationMode instead of int. "
/home1/users/qinhaolin/.conda/envs/mmseg/lib/python3.7/site-packages/torchvision/transforms/functional.py:365: UserWarning: Argument interpolation should be of type InterpolationMode instead of int. Please, use InterpolationMode enum.
  "Argument interpolation should be of type InterpolationMode instead of int. "
/home1/users/qinhaolin/.conda/envs/mmseg/lib/python3.7/site-packages/torchvision/transforms/functional.py:365: UserWarning: Argument interpolation should be of type InterpolationMode instead of int. Please, use InterpolationMode enum.
  "Argument interpolation should be of type InterpolationMode instead of int. "
/home1/users/qinhaolin/.conda/envs/mmseg/lib/python3.7/site-packages/torchvision/transforms/functional.py:365: UserWarning: Argument interpolation should be of type InterpolationMode instead of int. Please, use InterpolationMode enum.
  "Argument interpolation should be of type InterpolationMode instead of int. "
/home1/users/qinhaolin/.conda/envs/mmseg/lib/python3.7/site-packages/torchvision/transforms/functional.py:365: UserWarning: Argument interpolation should be of type InterpolationMode instead of int. Please, use InterpolationMode enum.
  "Argument interpolation should be of type InterpolationMode instead of int. "
/home1/users/qinhaolin/.conda/envs/mmseg/lib/python3.7/site-packages/torchvision/transforms/functional.py:365: UserWarning: Argument interpolation should be of type InterpolationMode instead of int. Please, use InterpolationMode enum.
  "Argument interpolation should be of type InterpolationMode instead of int. "
Epoch: [1]  [   0/2502]  eta: 3:53:48  lr: 0.000001  loss: 6.9002 (6.9002)  time: 5.6070  data: 4.9852  max mem: 11559
Epoch: [1]  [  10/2502]  eta: 0:43:40  lr: 0.000001  loss: 6.9105 (6.9060)  time: 1.0515  data: 0.4535  max mem: 11559
Epoch: [1]  [  20/2502]  eta: 0:34:23  lr: 0.000001  loss: 6.9049 (6.9039)  time: 0.5926  data: 0.0003  max mem: 11559
Epoch: [1]  [  30/2502]  eta: 0:31:00  lr: 0.000001  loss: 6.9030 (6.9044)  time: 0.5879  data: 0.0003  max mem: 11559
Epoch: [1]  [  40/2502]  eta: 0:29:12  lr: 0.000001  loss: 6.9033 (6.9047)  time: 0.5866  data: 0.0003  max mem: 11559
Epoch: [1]  [  50/2502]  eta: 0:28:05  lr: 0.000001  loss: 6.9040 (6.9054)  time: 0.5861  data: 0.0003  max mem: 11559
Epoch: [1]  [  60/2502]  eta: 0:27:18  lr: 0.000001  loss: 6.9045 (6.9052)  time: 0.5873  data: 0.0003  max mem: 11559
Epoch: [1]  [  70/2502]  eta: 0:26:43  lr: 0.000001  loss: 6.9045 (6.9057)  time: 0.5888  data: 0.0003  max mem: 11559
Epoch: [1]  [  80/2502]  eta: 0:26:15  lr: 0.000001  loss: 6.9057 (6.9059)  time: 0.5869  data: 0.0003  max mem: 11559
Epoch: [1]  [  90/2502]  eta: 0:25:51  lr: 0.000001  loss: 6.9057 (6.9059)  time: 0.5863  data: 0.0003  max mem: 11559
Epoch: [1]  [ 100/2502]  eta: 0:25:32  lr: 0.000001  loss: 6.9061 (6.9061)  time: 0.5873  data: 0.0003  max mem: 11559
Epoch: [1]  [ 110/2502]  eta: 0:25:14  lr: 0.000001  loss: 6.9077 (6.9061)  time: 0.5872  data: 0.0003  max mem: 11559
Epoch: [1]  [ 120/2502]  eta: 0:24:59  lr: 0.000001  loss: 6.9056 (6.9063)  time: 0.5866  data: 0.0003  max mem: 11559
Epoch: [1]  [ 130/2502]  eta: 0:24:45  lr: 0.000001  loss: 6.9061 (6.9061)  time: 0.5874  data: 0.0003  max mem: 11559
Epoch: [1]  [ 140/2502]  eta: 0:24:33  lr: 0.000001  loss: 6.9061 (6.9062)  time: 0.5906  data: 0.0003  max mem: 11559
Epoch: [1]  [ 150/2502]  eta: 0:24:28  lr: 0.000001  loss: 6.9042 (6.9061)  time: 0.6112  data: 0.0193  max mem: 11559
Epoch: [1]  [ 160/2502]  eta: 0:24:17  lr: 0.000001  loss: 6.9049 (6.9060)  time: 0.6104  data: 0.0192  max mem: 11559
Epoch: [1]  [ 170/2502]  eta: 0:24:06  lr: 0.000001  loss: 6.9062 (6.9060)  time: 0.5905  data: 0.0005  max mem: 11559
Epoch: [1]  [ 180/2502]  eta: 0:23:56  lr: 0.000001  loss: 6.9019 (6.9057)  time: 0.5896  data: 0.0004  max mem: 11559
Epoch: [1]  [ 190/2502]  eta: 0:23:46  lr: 0.000001  loss: 6.9018 (6.9056)  time: 0.5893  data: 0.0003  max mem: 11559
Epoch: [1]  [ 200/2502]  eta: 0:23:37  lr: 0.000001  loss: 6.9072 (6.9057)  time: 0.5899  data: 0.0003  max mem: 11559
Epoch: [1]  [ 210/2502]  eta: 0:23:28  lr: 0.000001  loss: 6.9081 (6.9057)  time: 0.5881  data: 0.0003  max mem: 11559
Epoch: [1]  [ 220/2502]  eta: 0:24:01  lr: 0.000001  loss: 6.9078 (6.9057)  time: 0.7897  data: 0.2039  max mem: 11559
Epoch: [1]  [ 230/2502]  eta: 0:24:52  lr: 0.000001  loss: 6.9059 (6.9058)  time: 1.1040  data: 0.5190  max mem: 11559
Epoch: [1]  [ 240/2502]  eta: 0:25:28  lr: 0.000001  loss: 6.9064 (6.9059)  time: 1.1638  data: 0.5790  max mem: 11559
Epoch: [1]  [ 250/2502]  eta: 0:26:46  lr: 0.000001  loss: 6.9090 (6.9059)  time: 1.3671  data: 0.7826  max mem: 11559
Epoch: [1]  [ 260/2502]  eta: 0:28:37  lr: 0.000001  loss: 6.9056 (6.9058)  time: 1.8569  data: 1.2733  max mem: 11559
Epoch: [1]  [ 270/2502]  eta: 0:28:52  lr: 0.000001  loss: 6.9041 (6.9059)  time: 1.5641  data: 0.9742  max mem: 11559
Epoch: [1]  [ 280/2502]  eta: 0:29:01  lr: 0.000001  loss: 6.9041 (6.9059)  time: 1.0127  data: 0.4220  max mem: 11559
Epoch: [1]  [ 290/2502]  eta: 0:28:38  lr: 0.000001  loss: 6.9076 (6.9059)  time: 0.7876  data: 0.2025  max mem: 11559
Epoch: [1]  [ 300/2502]  eta: 0:28:42  lr: 0.000001  loss: 6.9013 (6.9057)  time: 0.7643  data: 0.1774  max mem: 11559
Epoch: [1]  [ 310/2502]  eta: 0:29:22  lr: 0.000001  loss: 6.8997 (6.9056)  time: 1.1959  data: 0.6056  max mem: 11559
Epoch: [1]  [ 320/2502]  eta: 0:28:59  lr: 0.000001  loss: 6.9054 (6.9057)  time: 1.0182  data: 0.4284  max mem: 11559
Epoch: [1]  [ 330/2502]  eta: 0:28:37  lr: 0.000001  loss: 6.9063 (6.9057)  time: 0.5867  data: 0.0003  max mem: 11559
Epoch: [1]  [ 340/2502]  eta: 0:28:43  lr: 0.000001  loss: 6.9052 (6.9057)  time: 0.7967  data: 0.2099  max mem: 11559
Epoch: [1]  [ 350/2502]  eta: 0:28:22  lr: 0.000001  loss: 6.9055 (6.9057)  time: 0.7976  data: 0.2099  max mem: 11559
Epoch: [1]  [ 360/2502]  eta: 0:28:02  lr: 0.000001  loss: 6.9065 (6.9058)  time: 0.5869  data: 0.0003  max mem: 11559
Epoch: [1]  [ 370/2502]  eta: 0:28:00  lr: 0.000001  loss: 6.9045 (6.9057)  time: 0.7379  data: 0.1492  max mem: 11559
Epoch: [1]  [ 380/2502]  eta: 0:27:41  lr: 0.000001  loss: 6.9063 (6.9058)  time: 0.7369  data: 0.1492  max mem: 11559
Epoch: [1]  [ 390/2502]  eta: 0:28:06  lr: 0.000001  loss: 6.9082 (6.9058)  time: 0.9915  data: 0.4050  max mem: 11559
Epoch: [1]  [ 400/2502]  eta: 0:27:47  lr: 0.000001  loss: 6.9066 (6.9058)  time: 0.9912  data: 0.4050  max mem: 11559
Epoch: [1]  [ 410/2502]  eta: 0:28:37  lr: 0.000001  loss: 6.9066 (6.9059)  time: 1.2549  data: 0.6668  max mem: 11559
Epoch: [1]  [ 420/2502]  eta: 0:29:38  lr: 0.000001  loss: 6.9052 (6.9058)  time: 2.0729  data: 1.4834  max mem: 11559
Epoch: [1]  [ 430/2502]  eta: 0:29:56  lr: 0.000001  loss: 6.9017 (6.9058)  time: 1.8130  data: 1.2251  max mem: 11559
Epoch: [1]  [ 440/2502]  eta: 0:30:39  lr: 0.000001  loss: 6.9048 (6.9058)  time: 1.6873  data: 1.1002  max mem: 11559
Epoch: [1]  [ 450/2502]  eta: 0:30:16  lr: 0.000001  loss: 6.9035 (6.9056)  time: 1.2772  data: 0.6920  max mem: 11559
Epoch: [1]  [ 460/2502]  eta: 0:30:32  lr: 0.000001  loss: 6.9051 (6.9057)  time: 1.0236  data: 0.4377  max mem: 11559
Epoch: [1]  [ 470/2502]  eta: 0:30:31  lr: 0.000001  loss: 6.9055 (6.9056)  time: 1.2668  data: 0.6792  max mem: 11559
Epoch: [1]  [ 480/2502]  eta: 0:30:09  lr: 0.000001  loss: 6.9031 (6.9056)  time: 0.8301  data: 0.2417  max mem: 11559
Epoch: [1]  [ 490/2502]  eta: 0:29:47  lr: 0.000001  loss: 6.9028 (6.9056)  time: 0.5845  data: 0.0003  max mem: 11559
Epoch: [1]  [ 500/2502]  eta: 0:30:32  lr: 0.000001  loss: 6.9010 (6.9056)  time: 1.4146  data: 0.8286  max mem: 11559
Epoch: [1]  [ 510/2502]  eta: 0:30:34  lr: 0.000001  loss: 6.9056 (6.9056)  time: 1.7176  data: 1.1283  max mem: 11559
Epoch: [1]  [ 520/2502]  eta: 0:30:13  lr: 0.000001  loss: 6.9059 (6.9055)  time: 0.8956  data: 0.3087  max mem: 11559
Epoch: [1]  [ 530/2502]  eta: 0:29:59  lr: 0.000001  loss: 6.9048 (6.9055)  time: 0.6961  data: 0.1061  max mem: 11559
Epoch: [1]  [ 540/2502]  eta: 0:29:38  lr: 0.000001  loss: 6.9029 (6.9055)  time: 0.6867  data: 0.0973  max mem: 11559
Epoch: [1]  [ 550/2502]  eta: 0:29:32  lr: 0.000001  loss: 6.9031 (6.9055)  time: 0.7894  data: 0.2053  max mem: 11559
Epoch: [1]  [ 560/2502]  eta: 0:29:38  lr: 0.000001  loss: 6.9010 (6.9054)  time: 1.1663  data: 0.5821  max mem: 11559
Epoch: [1]  [ 570/2502]  eta: 0:29:17  lr: 0.000001  loss: 6.9020 (6.9054)  time: 0.9601  data: 0.3771  max mem: 11559
Epoch: [1]  [ 580/2502]  eta: 0:29:14  lr: 0.000001  loss: 6.9081 (6.9055)  time: 0.8394  data: 0.2564  max mem: 11559
Epoch: [1]  [ 590/2502]  eta: 0:28:57  lr: 0.000001  loss: 6.9045 (6.9054)  time: 0.8865  data: 0.3035  max mem: 11559
Epoch: [1]  [ 600/2502]  eta: 0:29:15  lr: 0.000001  loss: 6.9024 (6.9054)  time: 1.2203  data: 0.6278  max mem: 11559
Epoch: [1]  [ 610/2502]  eta: 0:28:56  lr: 0.000001  loss: 6.9028 (6.9054)  time: 1.1762  data: 0.5807  max mem: 11559
Epoch: [1]  [ 620/2502]  eta: 0:28:44  lr: 0.000001  loss: 6.9026 (6.9053)  time: 0.7122  data: 0.1252  max mem: 11559
Epoch: [1]  [ 630/2502]  eta: 0:28:49  lr: 0.000001  loss: 6.9026 (6.9053)  time: 1.1133  data: 0.5273  max mem: 11559
Epoch: [1]  [ 640/2502]  eta: 0:28:30  lr: 0.000001  loss: 6.9027 (6.9052)  time: 0.9860  data: 0.4023  max mem: 11559
Epoch: [1]  [ 650/2502]  eta: 0:28:41  lr: 0.000001  loss: 6.9038 (6.9052)  time: 1.1064  data: 0.5235  max mem: 11559
Epoch: [1]  [ 660/2502]  eta: 0:28:39  lr: 0.000001  loss: 6.9043 (6.9052)  time: 1.4070  data: 0.8207  max mem: 11559
Epoch: [1]  [ 670/2502]  eta: 0:28:20  lr: 0.000001  loss: 6.9036 (6.9052)  time: 0.8829  data: 0.2974  max mem: 11559
Epoch: [1]  [ 680/2502]  eta: 0:28:17  lr: 0.000001  loss: 6.9036 (6.9052)  time: 0.8706  data: 0.2879  max mem: 11559
Epoch: [1]  [ 690/2502]  eta: 0:28:10  lr: 0.000001  loss: 6.9020 (6.9051)  time: 1.0973  data: 0.5106  max mem: 11559
Epoch: [1]  [ 700/2502]  eta: 0:28:04  lr: 0.000001  loss: 6.9025 (6.9051)  time: 1.0509  data: 0.4632  max mem: 11559
Epoch: [1]  [ 710/2502]  eta: 0:27:58  lr: 0.000001  loss: 6.9045 (6.9050)  time: 1.0544  data: 0.4691  max mem: 11559
Epoch: [1]  [ 720/2502]  eta: 0:27:49  lr: 0.000001  loss: 6.9046 (6.9050)  time: 0.9951  data: 0.4073  max mem: 11559
Epoch: [1]  [ 730/2502]  eta: 0:27:31  lr: 0.000001  loss: 6.9057 (6.9050)  time: 0.7674  data: 0.1787  max mem: 11559
Epoch: [1]  [ 740/2502]  eta: 0:27:32  lr: 0.000001  loss: 6.9063 (6.9050)  time: 0.9783  data: 0.3890  max mem: 11559
Epoch: [1]  [ 750/2502]  eta: 0:27:14  lr: 0.000001  loss: 6.9055 (6.9050)  time: 0.9828  data: 0.3934  max mem: 11559
Epoch: [1]  [ 760/2502]  eta: 0:27:22  lr: 0.000001  loss: 6.9048 (6.9050)  time: 1.1281  data: 0.5408  max mem: 11559
Epoch: [1]  [ 770/2502]  eta: 0:27:29  lr: 0.000001  loss: 6.9043 (6.9050)  time: 1.6642  data: 1.0788  max mem: 11559
Epoch: [1]  [ 780/2502]  eta: 0:27:54  lr: 0.000001  loss: 6.9008 (6.9049)  time: 2.0965  data: 1.5092  max mem: 11559
Epoch: [1]  [ 790/2502]  eta: 0:27:36  lr: 0.000001  loss: 6.8993 (6.9048)  time: 1.5525  data: 0.9668  max mem: 11559
Epoch: [1]  [ 800/2502]  eta: 0:27:36  lr: 0.000001  loss: 6.9034 (6.9048)  time: 1.0176  data: 0.4354  max mem: 11559
Epoch: [1]  [ 810/2502]  eta: 0:27:21  lr: 0.000001  loss: 6.9047 (6.9048)  time: 1.0842  data: 0.5002  max mem: 11559
Epoch: [1]  [ 820/2502]  eta: 0:27:09  lr: 0.000001  loss: 6.9062 (6.9049)  time: 0.7808  data: 0.1937  max mem: 11559
Epoch: [1]  [ 830/2502]  eta: 0:26:51  lr: 0.000001  loss: 6.9023 (6.9048)  time: 0.7160  data: 0.1289  max mem: 11559
Epoch: [1]  [ 840/2502]  eta: 0:26:44  lr: 0.000001  loss: 6.9021 (6.9048)  time: 0.8220  data: 0.2269  max mem: 11559
Epoch: [1]  [ 850/2502]  eta: 0:26:49  lr: 0.000001  loss: 6.9013 (6.9048)  time: 1.3975  data: 0.7973  max mem: 11559
Epoch: [1]  [ 860/2502]  eta: 0:26:42  lr: 0.000001  loss: 6.9011 (6.9047)  time: 1.4327  data: 0.8431  max mem: 11559
Epoch: [1]  [ 870/2502]  eta: 0:26:32  lr: 0.000001  loss: 6.9019 (6.9047)  time: 1.0485  data: 0.4625  max mem: 11559
Epoch: [1]  [ 880/2502]  eta: 0:26:15  lr: 0.000001  loss: 6.9058 (6.9047)  time: 0.7767  data: 0.1901  max mem: 11559
Epoch: [1]  [ 890/2502]  eta: 0:26:08  lr: 0.000001  loss: 6.9053 (6.9047)  time: 0.8382  data: 0.2522  max mem: 11559
Epoch: [1]  [ 900/2502]  eta: 0:25:58  lr: 0.000001  loss: 6.9032 (6.9047)  time: 1.0350  data: 0.4480  max mem: 11559
Epoch: [1]  [ 910/2502]  eta: 0:25:51  lr: 0.000001  loss: 6.9013 (6.9046)  time: 1.0621  data: 0.4723  max mem: 11559
Epoch: [1]  [ 920/2502]  eta: 0:25:43  lr: 0.000001  loss: 6.9006 (6.9046)  time: 1.0852  data: 0.4964  max mem: 11559
Epoch: [1]  [ 930/2502]  eta: 0:25:46  lr: 0.000001  loss: 6.9006 (6.9046)  time: 1.3810  data: 0.7949  max mem: 11559
Epoch: [1]  [ 940/2502]  eta: 0:25:29  lr: 0.000001  loss: 6.9020 (6.9046)  time: 1.1614  data: 0.5751  max mem: 11559
Epoch: [1]  [ 950/2502]  eta: 0:25:13  lr: 0.000001  loss: 6.9031 (6.9046)  time: 0.5863  data: 0.0003  max mem: 11559
Epoch: [1]  [ 960/2502]  eta: 0:25:05  lr: 0.000001  loss: 6.9023 (6.9046)  time: 0.8443  data: 0.2590  max mem: 11559
Epoch: [1]  [ 970/2502]  eta: 0:24:51  lr: 0.000001  loss: 6.9001 (6.9045)  time: 0.8893  data: 0.2980  max mem: 11559
Epoch: [1]  [ 980/2502]  eta: 0:24:35  lr: 0.000001  loss: 6.9007 (6.9045)  time: 0.6319  data: 0.0393  max mem: 11559
Epoch: [1]  [ 990/2502]  eta: 0:24:26  lr: 0.000001  loss: 6.9044 (6.9045)  time: 0.8045  data: 0.2147  max mem: 11559
Epoch: [1]  [1000/2502]  eta: 0:24:11  lr: 0.000001  loss: 6.9070 (6.9045)  time: 0.8103  data: 0.2147  max mem: 11559
Epoch: [1]  [1010/2502]  eta: 0:24:10  lr: 0.000001  loss: 6.9043 (6.9045)  time: 1.0838  data: 0.4869  max mem: 11559
Epoch: [1]  [1020/2502]  eta: 0:24:03  lr: 0.000001  loss: 6.9021 (6.9045)  time: 1.3443  data: 0.7516  max mem: 11559
Epoch: [1]  [1030/2502]  eta: 0:23:54  lr: 0.000001  loss: 6.9004 (6.9045)  time: 1.0967  data: 0.5019  max mem: 11559
Epoch: [1]  [1040/2502]  eta: 0:23:49  lr: 0.000001  loss: 6.8994 (6.9044)  time: 1.1724  data: 0.5774  max mem: 11559
Epoch: [1]  [1050/2502]  eta: 0:23:35  lr: 0.000001  loss: 6.8994 (6.9044)  time: 0.9940  data: 0.4062  max mem: 11559
Epoch: [1]  [1060/2502]  eta: 0:23:20  lr: 0.000001  loss: 6.9055 (6.9044)  time: 0.6515  data: 0.0660  max mem: 11559
Epoch: [1]  [1070/2502]  eta: 0:23:10  lr: 0.000001  loss: 6.9050 (6.9043)  time: 0.7651  data: 0.1792  max mem: 11559
Epoch: [1]  [1080/2502]  eta: 0:23:00  lr: 0.000001  loss: 6.9004 (6.9043)  time: 0.9551  data: 0.3687  max mem: 11559
Epoch: [1]  [1090/2502]  eta: 0:22:50  lr: 0.000001  loss: 6.9055 (6.9043)  time: 0.9542  data: 0.3681  max mem: 11559
Epoch: [1]  [1100/2502]  eta: 0:22:36  lr: 0.000001  loss: 6.8997 (6.9042)  time: 0.7655  data: 0.1785  max mem: 11559
Epoch: [1]  [1110/2502]  eta: 0:22:45  lr: 0.000001  loss: 6.9009 (6.9043)  time: 1.5478  data: 0.9584  max mem: 11559
Epoch: [1]  [1120/2502]  eta: 0:22:31  lr: 0.000001  loss: 6.9078 (6.9043)  time: 1.5472  data: 0.9584  max mem: 11559
Epoch: [1]  [1130/2502]  eta: 0:22:30  lr: 0.000001  loss: 6.9021 (6.9042)  time: 1.1659  data: 0.5772  max mem: 11559
Epoch: [1]  [1140/2502]  eta: 0:22:24  lr: 0.000001  loss: 6.9018 (6.9042)  time: 1.5234  data: 0.9364  max mem: 11559
Epoch: [1]  [1150/2502]  eta: 0:22:16  lr: 0.000001  loss: 6.9040 (6.9042)  time: 1.2352  data: 0.6501  max mem: 11559
Epoch: [1]  [1160/2502]  eta: 0:22:02  lr: 0.000001  loss: 6.9007 (6.9042)  time: 0.8769  data: 0.2908  max mem: 11559
Epoch: [1]  [1170/2502]  eta: 0:21:55  lr: 0.000001  loss: 6.9027 (6.9042)  time: 0.9191  data: 0.3304  max mem: 11559
Epoch: [1]  [1180/2502]  eta: 0:22:02  lr: 0.000001  loss: 6.9026 (6.9042)  time: 1.8704  data: 1.2774  max mem: 11559
Epoch: [1]  [1190/2502]  eta: 0:21:47  lr: 0.000001  loss: 6.8989 (6.9042)  time: 1.5382  data: 0.9472  max mem: 11559
Epoch: [1]  [1200/2502]  eta: 0:21:37  lr: 0.000001  loss: 6.8974 (6.9041)  time: 0.7747  data: 0.1908  max mem: 11559
Epoch: [1]  [1210/2502]  eta: 0:21:29  lr: 0.000001  loss: 6.8978 (6.9041)  time: 1.0473  data: 0.4648  max mem: 11559
Epoch: [1]  [1220/2502]  eta: 0:21:20  lr: 0.000001  loss: 6.9033 (6.9041)  time: 1.1518  data: 0.5653  max mem: 11559
Epoch: [1]  [1230/2502]  eta: 0:21:06  lr: 0.000001  loss: 6.9035 (6.9041)  time: 0.8765  data: 0.2913  max mem: 11559
Epoch: [1]  [1240/2502]  eta: 0:21:02  lr: 0.000001  loss: 6.8993 (6.9040)  time: 1.0665  data: 0.4810  max mem: 11559
Epoch: [1]  [1250/2502]  eta: 0:20:53  lr: 0.000001  loss: 6.8985 (6.9040)  time: 1.3314  data: 0.7437  max mem: 11559
Epoch: [1]  [1260/2502]  eta: 0:20:40  lr: 0.000001  loss: 6.8985 (6.9040)  time: 0.8848  data: 0.2996  max mem: 11559
Epoch: [1]  [1270/2502]  eta: 0:20:35  lr: 0.000001  loss: 6.8998 (6.9039)  time: 1.0906  data: 0.5067  max mem: 11559
Epoch: [1]  [1280/2502]  eta: 0:20:22  lr: 0.000001  loss: 6.9005 (6.9039)  time: 1.1525  data: 0.5687  max mem: 11559
Epoch: [1]  [1290/2502]  eta: 0:20:12  lr: 0.000001  loss: 6.9005 (6.9039)  time: 0.8514  data: 0.2666  max mem: 11559
Epoch: [1]  [1300/2502]  eta: 0:19:58  lr: 0.000001  loss: 6.8999 (6.9039)  time: 0.7519  data: 0.1679  max mem: 11559
Epoch: [1]  [1310/2502]  eta: 0:19:50  lr: 0.000001  loss: 6.9014 (6.9039)  time: 0.8832  data: 0.2918  max mem: 11559
Epoch: [1]  [1320/2502]  eta: 0:19:42  lr: 0.000001  loss: 6.9017 (6.9039)  time: 1.2519  data: 0.3074  max mem: 11559
Epoch: [1]  [1330/2502]  eta: 0:19:36  lr: 0.000001  loss: 6.9023 (6.9039)  time: 1.3821  data: 0.4430  max mem: 11559
Epoch: [1]  [1340/2502]  eta: 0:19:23  lr: 0.000001  loss: 6.9013 (6.9038)  time: 1.0404  data: 0.4459  max mem: 11559
Epoch: [1]  [1350/2502]  eta: 0:19:15  lr: 0.000001  loss: 6.9013 (6.9038)  time: 0.9473  data: 0.3530  max mem: 11559
Epoch: [1]  [1360/2502]  eta: 0:19:09  lr: 0.000001  loss: 6.8975 (6.9038)  time: 1.3280  data: 0.7404  max mem: 11559
Epoch: [1]  [1370/2502]  eta: 0:19:02  lr: 0.000001  loss: 6.8997 (6.9037)  time: 1.3903  data: 0.8007  max mem: 11559
Epoch: [1]  [1380/2502]  eta: 0:18:48  lr: 0.000001  loss: 6.9027 (6.9037)  time: 0.9887  data: 0.3949  max mem: 11559
Epoch: [1]  [1390/2502]  eta: 0:18:50  lr: 0.000001  loss: 6.9027 (6.9037)  time: 1.5726  data: 0.9808  max mem: 11559
Epoch: [1]  [1400/2502]  eta: 0:18:37  lr: 0.000001  loss: 6.9041 (6.9037)  time: 1.5923  data: 0.9996  max mem: 11559
Epoch: [1]  [1410/2502]  eta: 0:18:24  lr: 0.000001  loss: 6.9036 (6.9037)  time: 0.6131  data: 0.0191  max mem: 11559
Epoch: [1]  [1420/2502]  eta: 0:18:14  lr: 0.000001  loss: 6.9017 (6.9037)  time: 0.7963  data: 0.2089  max mem: 11559
Epoch: [1]  [1430/2502]  eta: 0:18:00  lr: 0.000001  loss: 6.9007 (6.9037)  time: 0.7932  data: 0.2089  max mem: 11559
Epoch: [1]  [1440/2502]  eta: 0:17:51  lr: 0.000001  loss: 6.8996 (6.9037)  time: 0.8246  data: 0.2393  max mem: 11559
Epoch: [1]  [1450/2502]  eta: 0:17:48  lr: 0.000001  loss: 6.9020 (6.9037)  time: 1.5695  data: 0.9829  max mem: 11559
Epoch: [1]  [1460/2502]  eta: 0:17:42  lr: 0.000001  loss: 6.9046 (6.9037)  time: 1.8360  data: 1.2486  max mem: 11559
Epoch: [1]  [1470/2502]  eta: 0:17:32  lr: 0.000001  loss: 6.9039 (6.9036)  time: 1.2983  data: 0.7122  max mem: 11559
Epoch: [1]  [1480/2502]  eta: 0:17:19  lr: 0.000001  loss: 6.9012 (6.9036)  time: 0.7928  data: 0.2075  max mem: 11559
Epoch: [1]  [1490/2502]  eta: 0:17:13  lr: 0.000001  loss: 6.9003 (6.9036)  time: 1.1097  data: 0.5245  max mem: 11559
Epoch: [1]  [1500/2502]  eta: 0:17:00  lr: 0.000001  loss: 6.8985 (6.9036)  time: 1.1095  data: 0.5245  max mem: 11559
Epoch: [1]  [1510/2502]  eta: 0:16:51  lr: 0.000001  loss: 6.8985 (6.9036)  time: 0.9324  data: 0.3472  max mem: 11559
Epoch: [1]  [1520/2502]  eta: 0:16:43  lr: 0.000001  loss: 6.9005 (6.9035)  time: 1.2710  data: 0.6856  max mem: 11559
Epoch: [1]  [1530/2502]  eta: 0:16:30  lr: 0.000001  loss: 6.9013 (6.9035)  time: 0.9252  data: 0.3386  max mem: 11559
Epoch: [1]  [1540/2502]  eta: 0:16:17  lr: 0.000001  loss: 6.9000 (6.9035)  time: 0.6330  data: 0.0465  max mem: 11559
Epoch: [1]  [1550/2502]  eta: 0:16:13  lr: 0.000001  loss: 6.9011 (6.9035)  time: 1.3383  data: 0.7481  max mem: 11559
Epoch: [1]  [1560/2502]  eta: 0:16:11  lr: 0.000001  loss: 6.9020 (6.9035)  time: 2.1961  data: 1.6029  max mem: 11559
Epoch: [1]  [1570/2502]  eta: 0:15:58  lr: 0.000001  loss: 6.8991 (6.9035)  time: 1.4885  data: 0.9013  max mem: 11559
Epoch: [1]  [1580/2502]  eta: 0:15:49  lr: 0.000001  loss: 6.8987 (6.9034)  time: 0.8681  data: 0.2828  max mem: 11559
Epoch: [1]  [1590/2502]  eta: 0:15:37  lr: 0.000001  loss: 6.9003 (6.9034)  time: 0.9288  data: 0.3435  max mem: 11559
Epoch: [1]  [1600/2502]  eta: 0:15:27  lr: 0.000001  loss: 6.9010 (6.9034)  time: 0.9421  data: 0.3588  max mem: 11559
Epoch: [1]  [1610/2502]  eta: 0:15:22  lr: 0.000001  loss: 6.8983 (6.9034)  time: 1.5414  data: 0.9553  max mem: 11559
Epoch: [1]  [1620/2502]  eta: 0:15:10  lr: 0.000001  loss: 6.8992 (6.9034)  time: 1.3631  data: 0.7761  max mem: 11559
Epoch: [1]  [1630/2502]  eta: 0:14:57  lr: 0.000001  loss: 6.8993 (6.9034)  time: 0.7040  data: 0.1190  max mem: 11559
Epoch: [1]  [1640/2502]  eta: 0:14:49  lr: 0.000001  loss: 6.8993 (6.9033)  time: 0.9369  data: 0.3507  max mem: 11559
Epoch: [1]  [1650/2502]  eta: 0:14:36  lr: 0.000001  loss: 6.8976 (6.9033)  time: 0.9370  data: 0.3507  max mem: 11559
Epoch: [1]  [1660/2502]  eta: 0:14:23  lr: 0.000001  loss: 6.8965 (6.9033)  time: 0.5857  data: 0.0002  max mem: 11559
Epoch: [1]  [1670/2502]  eta: 0:14:13  lr: 0.000001  loss: 6.8976 (6.9033)  time: 0.7463  data: 0.1585  max mem: 11559
Epoch: [1]  [1680/2502]  eta: 0:14:06  lr: 0.000001  loss: 6.8991 (6.9032)  time: 1.3177  data: 0.7275  max mem: 11559
Epoch: [1]  [1690/2502]  eta: 0:13:56  lr: 0.000001  loss: 6.9011 (6.9032)  time: 1.4341  data: 0.8437  max mem: 11559
Epoch: [1]  [1700/2502]  eta: 0:13:45  lr: 0.000001  loss: 6.9008 (6.9032)  time: 1.0471  data: 0.4590  max mem: 11559
Epoch: [1]  [1710/2502]  eta: 0:13:33  lr: 0.000001  loss: 6.8970 (6.9032)  time: 0.7951  data: 0.2108  max mem: 11559
Epoch: [1]  [1720/2502]  eta: 0:13:24  lr: 0.000001  loss: 6.9022 (6.9031)  time: 0.9997  data: 0.4124  max mem: 11559
Epoch: [1]  [1730/2502]  eta: 0:13:12  lr: 0.000001  loss: 6.9009 (6.9031)  time: 0.9728  data: 0.3861  max mem: 11559
Epoch: [1]  [1740/2502]  eta: 0:13:04  lr: 0.000001  loss: 6.9011 (6.9031)  time: 1.0602  data: 0.4755  max mem: 11559
Epoch: [1]  [1750/2502]  eta: 0:12:54  lr: 0.000001  loss: 6.9011 (6.9031)  time: 1.2685  data: 0.6821  max mem: 11559
Epoch: [1]  [1760/2502]  eta: 0:12:44  lr: 0.000001  loss: 6.8971 (6.9031)  time: 1.0371  data: 0.4472  max mem: 11559
Epoch: [1]  [1770/2502]  eta: 0:12:33  lr: 0.000001  loss: 6.8959 (6.9030)  time: 1.0268  data: 0.4367  max mem: 11559
Epoch: [1]  [1780/2502]  eta: 0:12:21  lr: 0.000001  loss: 6.8991 (6.9030)  time: 0.7954  data: 0.2075  max mem: 11559
Epoch: [1]  [1790/2502]  eta: 0:12:09  lr: 0.000001  loss: 6.9009 (6.9030)  time: 0.6005  data: 0.0135  max mem: 11559
Epoch: [1]  [1800/2502]  eta: 0:11:58  lr: 0.000001  loss: 6.9020 (6.9030)  time: 0.7462  data: 0.1613  max mem: 11559
Epoch: [1]  [1810/2502]  eta: 0:11:50  lr: 0.000001  loss: 6.8998 (6.9030)  time: 1.2443  data: 0.6540  max mem: 11559
Epoch: [1]  [1820/2502]  eta: 0:11:40  lr: 0.000001  loss: 6.8992 (6.9030)  time: 1.2920  data: 0.6999  max mem: 11559
Epoch: [1]  [1830/2502]  eta: 0:11:28  lr: 0.000001  loss: 6.8985 (6.9029)  time: 0.8578  data: 0.2716  max mem: 11559
Epoch: [1]  [1840/2502]  eta: 0:11:17  lr: 0.000001  loss: 6.8968 (6.9029)  time: 0.6505  data: 0.0667  max mem: 11559
Epoch: [1]  [1850/2502]  eta: 0:11:05  lr: 0.000001  loss: 6.9029 (6.9029)  time: 0.5855  data: 0.0003  max mem: 11559
Epoch: [1]  [1860/2502]  eta: 0:10:54  lr: 0.000001  loss: 6.9018 (6.9029)  time: 0.7504  data: 0.1561  max mem: 11559
Epoch: [1]  [1870/2502]  eta: 0:10:43  lr: 0.000001  loss: 6.8976 (6.9029)  time: 0.7492  data: 0.1561  max mem: 11559
Epoch: [1]  [1880/2502]  eta: 0:10:41  lr: 0.000001  loss: 6.8984 (6.9029)  time: 2.0474  data: 1.4590  max mem: 11559
Epoch: [1]  [1890/2502]  eta: 0:10:29  lr: 0.000001  loss: 6.9009 (6.9029)  time: 2.0465  data: 1.4590  max mem: 11559
Epoch: [1]  [1900/2502]  eta: 0:10:25  lr: 0.000001  loss: 6.9009 (6.9029)  time: 1.8647  data: 1.2788  max mem: 11559
Epoch: [1]  [1910/2502]  eta: 0:10:14  lr: 0.000001  loss: 6.8976 (6.9029)  time: 1.8656  data: 1.2788  max mem: 11559
Epoch: [1]  [1920/2502]  eta: 0:10:02  lr: 0.000001  loss: 6.8976 (6.9028)  time: 0.6487  data: 0.0646  max mem: 11559
Epoch: [1]  [1930/2502]  eta: 0:09:54  lr: 0.000001  loss: 6.8995 (6.9028)  time: 1.2965  data: 0.7120  max mem: 11559
Epoch: [1]  [1940/2502]  eta: 0:09:45  lr: 0.000001  loss: 6.8966 (6.9028)  time: 1.6847  data: 1.0977  max mem: 11559
Epoch: [1]  [1950/2502]  eta: 0:09:36  lr: 0.000001  loss: 6.8992 (6.9028)  time: 1.5304  data: 0.9432  max mem: 11559
Epoch: [1]  [1960/2502]  eta: 0:09:27  lr: 0.000001  loss: 6.8998 (6.9027)  time: 1.5868  data: 1.0038  max mem: 11559
Epoch: [1]  [1970/2502]  eta: 0:09:17  lr: 0.000001  loss: 6.8995 (6.9027)  time: 1.4144  data: 0.8317  max mem: 11559
Epoch: [1]  [1980/2502]  eta: 0:09:06  lr: 0.000001  loss: 6.8983 (6.9027)  time: 0.9055  data: 0.3211  max mem: 11559
Epoch: [1]  [1990/2502]  eta: 0:08:55  lr: 0.000001  loss: 6.8952 (6.9027)  time: 0.6869  data: 0.1022  max mem: 11559
Epoch: [1]  [2000/2502]  eta: 0:08:44  lr: 0.000001  loss: 6.8936 (6.9026)  time: 0.8628  data: 0.2774  max mem: 11559
Epoch: [1]  [2010/2502]  eta: 0:08:33  lr: 0.000001  loss: 6.8998 (6.9026)  time: 0.8754  data: 0.2892  max mem: 11559
Epoch: [1]  [2020/2502]  eta: 0:08:23  lr: 0.000001  loss: 6.8998 (6.9026)  time: 1.1113  data: 0.5222  max mem: 11559
Epoch: [1]  [2030/2502]  eta: 0:08:14  lr: 0.000001  loss: 6.9013 (6.9026)  time: 1.4220  data: 0.8312  max mem: 11559
Epoch: [1]  [2040/2502]  eta: 0:08:02  lr: 0.000001  loss: 6.8996 (6.9026)  time: 1.0101  data: 0.4230  max mem: 11559
Epoch: [1]  [2050/2502]  eta: 0:07:51  lr: 0.000001  loss: 6.8981 (6.9026)  time: 0.5844  data: 0.0003  max mem: 11559
Epoch: [1]  [2060/2502]  eta: 0:07:39  lr: 0.000001  loss: 6.9005 (6.9026)  time: 0.5916  data: 0.0003  max mem: 11559
Epoch: [1]  [2070/2502]  eta: 0:07:28  lr: 0.000001  loss: 6.9005 (6.9025)  time: 0.5943  data: 0.0003  max mem: 11559
Epoch: [1]  [2080/2502]  eta: 0:07:17  lr: 0.000001  loss: 6.8990 (6.9025)  time: 0.5879  data: 0.0003  max mem: 11559
Epoch: [1]  [2090/2502]  eta: 0:07:06  lr: 0.000001  loss: 6.8987 (6.9025)  time: 0.6206  data: 0.0344  max mem: 11559
Epoch: [1]  [2100/2502]  eta: 0:06:56  lr: 0.000001  loss: 6.9025 (6.9025)  time: 0.9463  data: 0.3613  max mem: 11559
Epoch: [1]  [2110/2502]  eta: 0:06:46  lr: 0.000001  loss: 6.9015 (6.9025)  time: 1.4470  data: 0.8640  max mem: 11559
Epoch: [1]  [2120/2502]  eta: 0:06:36  lr: 0.000001  loss: 6.8984 (6.9025)  time: 1.4003  data: 0.8167  max mem: 11559
Epoch: [1]  [2130/2502]  eta: 0:06:26  lr: 0.000001  loss: 6.9018 (6.9025)  time: 1.1979  data: 0.6123  max mem: 11559
Epoch: [1]  [2140/2502]  eta: 0:06:17  lr: 0.000001  loss: 6.9042 (6.9025)  time: 1.3797  data: 0.7944  max mem: 11559
Epoch: [1]  [2150/2502]  eta: 0:06:05  lr: 0.000001  loss: 6.8988 (6.9025)  time: 1.0446  data: 0.4619  max mem: 11559
Epoch: [1]  [2160/2502]  eta: 0:05:55  lr: 0.000001  loss: 6.8979 (6.9025)  time: 0.8610  data: 0.2743  max mem: 11559
Epoch: [1]  [2170/2502]  eta: 0:05:44  lr: 0.000001  loss: 6.8979 (6.9024)  time: 0.8648  data: 0.2743  max mem: 11559
Epoch: [1]  [2180/2502]  eta: 0:05:33  lr: 0.000001  loss: 6.8950 (6.9024)  time: 0.5934  data: 0.0003  max mem: 11559
Epoch: [1]  [2190/2502]  eta: 0:05:22  lr: 0.000001  loss: 6.9011 (6.9024)  time: 0.5919  data: 0.0003  max mem: 11559
Epoch: [1]  [2200/2502]  eta: 0:05:13  lr: 0.000001  loss: 6.9004 (6.9024)  time: 1.1898  data: 0.6028  max mem: 11559
Epoch: [1]  [2210/2502]  eta: 0:05:03  lr: 0.000001  loss: 6.8992 (6.9024)  time: 1.5496  data: 0.9622  max mem: 11559
Epoch: [1]  [2220/2502]  eta: 0:04:53  lr: 0.000001  loss: 6.8992 (6.9024)  time: 1.5289  data: 0.9436  max mem: 11559
Epoch: [1]  [2230/2502]  eta: 0:04:43  lr: 0.000001  loss: 6.8992 (6.9024)  time: 1.2324  data: 0.6459  max mem: 11559
Epoch: [1]  [2240/2502]  eta: 0:04:32  lr: 0.000001  loss: 6.9010 (6.9024)  time: 0.6477  data: 0.0619  max mem: 11559
Epoch: [1]  [2250/2502]  eta: 0:04:21  lr: 0.000001  loss: 6.9022 (6.9023)  time: 0.8923  data: 0.3077  max mem: 11559
Epoch: [1]  [2260/2502]  eta: 0:04:11  lr: 0.000001  loss: 6.8989 (6.9023)  time: 1.1704  data: 0.5847  max mem: 11559
Epoch: [1]  [2270/2502]  eta: 0:04:01  lr: 0.000001  loss: 6.8970 (6.9023)  time: 1.4275  data: 0.8430  max mem: 11559
Epoch: [1]  [2280/2502]  eta: 0:03:52  lr: 0.000001  loss: 6.9004 (6.9023)  time: 1.6773  data: 1.0919  max mem: 11559
Epoch: [1]  [2290/2502]  eta: 0:03:42  lr: 0.000001  loss: 6.9003 (6.9023)  time: 1.5867  data: 1.0027  max mem: 11559
Epoch: [1]  [2300/2502]  eta: 0:03:32  lr: 0.000001  loss: 6.9002 (6.9023)  time: 1.7997  data: 1.2178  max mem: 11559
Epoch: [1]  [2310/2502]  eta: 0:03:21  lr: 0.000001  loss: 6.9016 (6.9023)  time: 1.4302  data: 0.8451  max mem: 11559
Epoch: [1]  [2320/2502]  eta: 0:03:10  lr: 0.000001  loss: 6.9028 (6.9023)  time: 0.6896  data: 0.1040  max mem: 11559
Epoch: [1]  [2330/2502]  eta: 0:03:00  lr: 0.000001  loss: 6.9000 (6.9023)  time: 0.5826  data: 0.0002  max mem: 11559
Epoch: [1]  [2340/2502]  eta: 0:02:50  lr: 0.000001  loss: 6.8998 (6.9023)  time: 1.1427  data: 0.5571  max mem: 11559
Epoch: [1]  [2350/2502]  eta: 0:02:39  lr: 0.000001  loss: 6.9000 (6.9023)  time: 1.4829  data: 0.8949  max mem: 11559
Epoch: [1]  [2360/2502]  eta: 0:02:28  lr: 0.000001  loss: 6.8983 (6.9022)  time: 0.9740  data: 0.3886  max mem: 11559
Epoch: [1]  [2370/2502]  eta: 0:02:18  lr: 0.000001  loss: 6.8960 (6.9022)  time: 0.8360  data: 0.2487  max mem: 11559
Epoch: [1]  [2380/2502]  eta: 0:02:07  lr: 0.000001  loss: 6.8987 (6.9022)  time: 0.7876  data: 0.1981  max mem: 11559
Epoch: [1]  [2390/2502]  eta: 0:01:57  lr: 0.000001  loss: 6.9004 (6.9022)  time: 1.0060  data: 0.4091  max mem: 11559
Epoch: [1]  [2400/2502]  eta: 0:01:46  lr: 0.000001  loss: 6.8993 (6.9022)  time: 1.1636  data: 0.5643  max mem: 11559
Epoch: [1]  [2410/2502]  eta: 0:01:36  lr: 0.000001  loss: 6.8967 (6.9022)  time: 1.0436  data: 0.4518  max mem: 11559
Epoch: [1]  [2420/2502]  eta: 0:01:25  lr: 0.000001  loss: 6.8970 (6.9021)  time: 0.8877  data: 0.2966  max mem: 11559
Epoch: [1]  [2430/2502]  eta: 0:01:15  lr: 0.000001  loss: 6.8977 (6.9021)  time: 0.5890  data: 0.0003  max mem: 11559
Epoch: [1]  [2440/2502]  eta: 0:01:04  lr: 0.000001  loss: 6.8999 (6.9021)  time: 1.1838  data: 0.5995  max mem: 11559
Epoch: [1]  [2450/2502]  eta: 0:00:54  lr: 0.000001  loss: 6.8985 (6.9021)  time: 1.3691  data: 0.7851  max mem: 11559
Epoch: [1]  [2460/2502]  eta: 0:00:44  lr: 0.000001  loss: 6.8985 (6.9021)  time: 1.1962  data: 0.6125  max mem: 11559
Epoch: [1]  [2470/2502]  eta: 0:00:33  lr: 0.000001  loss: 6.8996 (6.9021)  time: 1.2038  data: 0.6181  max mem: 11559
Epoch: [1]  [2480/2502]  eta: 0:00:23  lr: 0.000001  loss: 6.9024 (6.9021)  time: 0.7770  data: 0.1914  max mem: 11559
Epoch: [1]  [2490/2502]  eta: 0:00:12  lr: 0.000001  loss: 6.9005 (6.9021)  time: 0.7399  data: 0.1560  max mem: 11559
Epoch: [1]  [2500/2502]  eta: 0:00:02  lr: 0.000001  loss: 6.8978 (6.9021)  time: 0.9774  data: 0.3939  max mem: 11559
Epoch: [1]  [2501/2502]  eta: 0:00:01  lr: 0.000001  loss: 6.8986 (6.9021)  time: 0.8540  data: 0.2713  max mem: 11559
Epoch: [1] Total time: 0:43:36 (1.0460 s / it)
Averaged stats: lr: 0.000001  loss: 6.8986 (6.9021)
Test:  [  0/131]  eta: 0:11:50  loss: 6.6958 (6.6958)  acc1: 1.5625 (1.5625)  acc5: 7.0312 (7.0312)  time: 5.4263  data: 5.0944  max mem: 11559
Test:  [ 10/131]  eta: 0:01:54  loss: 6.8702 (6.8638)  acc1: 0.0000 (0.2131)  acc5: 0.5208 (1.2311)  time: 0.9422  data: 0.6350  max mem: 11559
Test:  [ 20/131]  eta: 0:01:23  loss: 6.8768 (6.8714)  acc1: 0.0000 (0.1612)  acc5: 0.2604 (0.8185)  time: 0.5189  data: 0.2149  max mem: 11559
Test:  [ 30/131]  eta: 0:01:11  loss: 6.8866 (6.8790)  acc1: 0.0000 (0.1344)  acc5: 0.2604 (0.7224)  time: 0.5780  data: 0.2739  max mem: 11559
Test:  [ 40/131]  eta: 0:01:03  loss: 6.8926 (6.8806)  acc1: 0.0000 (0.1270)  acc5: 0.2604 (0.6987)  time: 0.6455  data: 0.3408  max mem: 11559
Test:  [ 50/131]  eta: 0:00:56  loss: 6.8897 (6.8816)  acc1: 0.0000 (0.1225)  acc5: 0.2604 (0.7659)  time: 0.6868  data: 0.3836  max mem: 11559
Test:  [ 60/131]  eta: 0:00:50  loss: 6.8791 (6.8799)  acc1: 0.0000 (0.1238)  acc5: 0.7812 (0.7599)  time: 0.7260  data: 0.4225  max mem: 11559
Test:  [ 70/131]  eta: 0:00:41  loss: 6.8745 (6.8800)  acc1: 0.0000 (0.1174)  acc5: 0.5208 (0.8326)  time: 0.6575  data: 0.3535  max mem: 11559
Test:  [ 80/131]  eta: 0:00:34  loss: 6.8834 (6.8797)  acc1: 0.0000 (0.1382)  acc5: 0.5208 (0.8488)  time: 0.5653  data: 0.2622  max mem: 11559
Test:  [ 90/131]  eta: 0:00:27  loss: 6.8787 (6.8802)  acc1: 0.0000 (0.1345)  acc5: 0.2604 (0.8299)  time: 0.5724  data: 0.2699  max mem: 11559
Test:  [100/131]  eta: 0:00:20  loss: 6.8891 (6.8808)  acc1: 0.0000 (0.1238)  acc5: 0.2604 (0.7813)  time: 0.6046  data: 0.3026  max mem: 11559
Test:  [110/131]  eta: 0:00:13  loss: 6.8959 (6.8809)  acc1: 0.0000 (0.1783)  acc5: 0.0000 (0.8516)  time: 0.5904  data: 0.2877  max mem: 11559
Test:  [120/131]  eta: 0:00:07  loss: 6.8767 (6.8797)  acc1: 0.0000 (0.2324)  acc5: 0.5208 (0.9857)  time: 0.6094  data: 0.3053  max mem: 11559
Test:  [130/131]  eta: 0:00:00  loss: 6.8264 (6.8717)  acc1: 0.2604 (0.3120)  acc5: 1.5625 (1.2800)  time: 0.6822  data: 0.3911  max mem: 11559
Test: Total time: 0:01:25 (0.6556 s / it)
* Acc@1 0.312 Acc@5 1.280 loss 6.872
Accuracy of the network on the 50000 test images: 0.3%
Max accuracy: 0.31%
Training time 1:11:46
*****************************************
Setting OMP_NUM_THREADS environment variable for each process to be 1 in default, to avoid your system being overloaded, please further tune the variable for optimal performance in your application as needed. 
*****************************************
